#
# There is insufficient memory for the Java Runtime Environment to continue.
# Native memory allocation (malloc) failed to allocate 1833056 bytes. Error detail: Chunk::new
# Possible reasons:
#   The system is out of physical RAM or swap space
#   This process is running with CompressedOops enabled, and the Java Heap may be blocking the growth of the native heap
# Possible solutions:
#   Reduce memory load on the system
#   Increase physical memory or swap space
#   Check if swap backing store is full
#   Decrease Java heap size (-Xmx/-Xms)
#   Decrease number of Java threads
#   Decrease Java thread stack sizes (-Xss)
#   Set larger code cache with -XX:ReservedCodeCacheSize=
#   JVM is running with Unscaled Compressed Oops mode in which the Java heap is
#     placed in the first 4GB address space. The Java Heap base address is the
#     maximum limit for the native heap growth. Please use -XX:HeapBaseMinAddress
#     to set the Java Heap base and to place the Java Heap above 4GB virtual address.
# This output file may be truncated or incomplete.
#
#  Out of Memory Error (arena.cpp:168), pid=9444, tid=15024
#
# JRE version: OpenJDK Runtime Environment (21.0.6) (build 21.0.6+-13391695-b895.109)
# Java VM: OpenJDK 64-Bit Server VM (21.0.6+-13391695-b895.109, mixed mode, tiered, compressed oops, compressed class ptrs, g1 gc, windows-amd64)
# No core dump will be written. Minidumps are not enabled by default on client versions of Windows
#

---------------  S U M M A R Y ------------

Command Line: --add-opens=java.base/java.lang=ALL-UNNAMED --add-opens=java.base/java.lang.invoke=ALL-UNNAMED --add-opens=java.base/java.util=ALL-UNNAMED --add-opens=java.prefs/java.util.prefs=ALL-UNNAMED --add-exports=jdk.compiler/com.sun.tools.javac.api=ALL-UNNAMED --add-exports=jdk.compiler/com.sun.tools.javac.util=ALL-UNNAMED --add-opens=java.base/java.util=ALL-UNNAMED --add-opens=java.prefs/java.util.prefs=ALL-UNNAMED --add-opens=java.base/java.nio.charset=ALL-UNNAMED --add-opens=java.base/java.net=ALL-UNNAMED --add-opens=java.base/java.util.concurrent.atomic=ALL-UNNAMED --add-opens=java.xml/javax.xml.namespace=ALL-UNNAMED -Xmx2048m -Dfile.encoding=UTF-8 -Duser.country=PT -Duser.language=pt -Duser.variant -javaagent:C:\Users\danie\.gradle\wrapper\dists\gradle-8.11.1-bin\bpt9gzteqjrbo1mjrsomdt32c\gradle-8.11.1\lib\agents\gradle-instrumentation-agent-8.11.1.jar org.gradle.launcher.daemon.bootstrap.GradleDaemon 8.11.1

Host: AMD Ryzen 5 5600U with Radeon Graphics         , 12 cores, 5G,  Windows 11 , 64 bit Build 22621 (10.0.22621.5262)
Time: Mon Jun  2 10:35:47 2025 Hora de Verão de GMT elapsed time: 22.827159 seconds (0d 0h 0m 22s)

---------------  T H R E A D  ---------------

Current thread (0x0000029f977d9720):  JavaThread "C2 CompilerThread0" daemon [_thread_in_native, id=15024, stack(0x000000a9c7500000,0x000000a9c7600000) (1024K)]


Current CompileTask:
C2:22827 6763   !   4       java.net.URLClassLoader::findClass (47 bytes)

Stack: [0x000000a9c7500000,0x000000a9c7600000]
Native frames: (J=compiled Java code, j=interpreted, Vv=VM code, C=native code)
V  [jvm.dll+0x6d0639]
V  [jvm.dll+0x85eb03]
V  [jvm.dll+0x86105e]
V  [jvm.dll+0x861743]
V  [jvm.dll+0x27e6e6]
V  [jvm.dll+0xbff6d]
V  [jvm.dll+0xc04a3]
V  [jvm.dll+0x3b61ab]
V  [jvm.dll+0x1de872]
V  [jvm.dll+0x247dd4]
V  [jvm.dll+0x247251]
V  [jvm.dll+0x1c5f04]
V  [jvm.dll+0x2569ac]
V  [jvm.dll+0x254ef6]
V  [jvm.dll+0x3f0e96]
V  [jvm.dll+0x806ed8]
V  [jvm.dll+0x6cef0d]
C  [ucrtbase.dll+0x29333]
C  [KERNEL32.DLL+0x1259d]
C  [ntdll.dll+0x5af58]


---------------  P R O C E S S  ---------------

Threads class SMR info:
_java_thread_list=0x0000029f9e484250, length=66, elements={
0x0000029fffabdfa0, 0x0000029f977c9fb0, 0x0000029f977caec0, 0x0000029f977b7340,
0x0000029f977b6540, 0x0000029f977d7f50, 0x0000029f977d89a0, 0x0000029f977d9720,
0x0000029f977e1f00, 0x0000029f9791b2f0, 0x0000029f97ad71e0, 0x0000029f9d8298f0,
0x0000029f9d68b4f0, 0x0000029f97b25d70, 0x0000029f9d994010, 0x0000029f9d994670,
0x0000029f9cd62db0, 0x0000029f9cd95da0, 0x0000029f9cda00c0, 0x0000029f9cb75c60,
0x0000029f9cb76980, 0x0000029f9cb776a0, 0x0000029f9cb755d0, 0x0000029f9cb783c0,
0x0000029f9cb78a50, 0x0000029f9cb762f0, 0x0000029f9cb77010, 0x0000029f9cb77d30,
0x0000029f9f0d1130, 0x0000029f9f0d1e50, 0x0000029f9f0d24e0, 0x0000029f9f0cfd80,
0x0000029f9f0cf6f0, 0x0000029f9f0d0410, 0x0000029f9f0cf060, 0x0000029f9f0d0aa0,
0x0000029f9f0d17c0, 0x0000029f9f0dfd50, 0x0000029f9f0e31d0, 0x0000029f9f0df6c0,
0x0000029f9f0df030, 0x0000029f9f0e4c10, 0x0000029f9f0e3860, 0x0000029f9f0e1100,
0x0000029f9f0e52a0, 0x0000029f9f0e24b0, 0x0000029f9f0e2b40, 0x0000029f9f0e6650,
0x0000029f9f0e5930, 0x0000029f9f0e03e0, 0x0000029f9f0e0a70, 0x0000029f9f0e1e20,
0x0000029f9fe1bae0, 0x0000029f9fe1a0a0, 0x0000029f9fe1adc0, 0x0000029f9fe19a10,
0x0000029f9fe18660, 0x0000029f9fe1a730, 0x0000029f9fe1d520, 0x0000029f9fe1dbb0,
0x0000029f9fe17fd0, 0x0000029f9fe1c800, 0x0000029f9fe17940, 0x0000029f9fe18cf0,
0x0000029f9fe1b450, 0x0000029f9fe19380
}

Java Threads: ( => current thread )
  0x0000029fffabdfa0 JavaThread "main"                              [_thread_blocked, id=14252, stack(0x000000a9c6700000,0x000000a9c6800000) (1024K)]
  0x0000029f977c9fb0 JavaThread "Reference Handler"          daemon [_thread_blocked, id=10732, stack(0x000000a9c6f00000,0x000000a9c7000000) (1024K)]
  0x0000029f977caec0 JavaThread "Finalizer"                  daemon [_thread_blocked, id=21912, stack(0x000000a9c7000000,0x000000a9c7100000) (1024K)]
  0x0000029f977b7340 JavaThread "Signal Dispatcher"          daemon [_thread_blocked, id=9536, stack(0x000000a9c7100000,0x000000a9c7200000) (1024K)]
  0x0000029f977b6540 JavaThread "Attach Listener"            daemon [_thread_blocked, id=13072, stack(0x000000a9c7200000,0x000000a9c7300000) (1024K)]
  0x0000029f977d7f50 JavaThread "Service Thread"             daemon [_thread_blocked, id=24432, stack(0x000000a9c7300000,0x000000a9c7400000) (1024K)]
  0x0000029f977d89a0 JavaThread "Monitor Deflation Thread"   daemon [_thread_blocked, id=10684, stack(0x000000a9c7400000,0x000000a9c7500000) (1024K)]
=>0x0000029f977d9720 JavaThread "C2 CompilerThread0"         daemon [_thread_in_native, id=15024, stack(0x000000a9c7500000,0x000000a9c7600000) (1024K)]
  0x0000029f977e1f00 JavaThread "C1 CompilerThread0"         daemon [_thread_blocked, id=20804, stack(0x000000a9c7600000,0x000000a9c7700000) (1024K)]
  0x0000029f9791b2f0 JavaThread "Common-Cleaner"             daemon [_thread_blocked, id=16736, stack(0x000000a9c7700000,0x000000a9c7800000) (1024K)]
  0x0000029f97ad71e0 JavaThread "Notification Thread"        daemon [_thread_blocked, id=26816, stack(0x000000a9c7800000,0x000000a9c7900000) (1024K)]
  0x0000029f9d8298f0 JavaThread "Daemon health stats"               [_thread_blocked, id=12212, stack(0x000000a9c7d00000,0x000000a9c7e00000) (1024K)]
  0x0000029f9d68b4f0 JavaThread "Incoming local TCP Connector on port 59062"        [_thread_in_native, id=8340, stack(0x000000a9c7e00000,0x000000a9c7f00000) (1024K)]
  0x0000029f97b25d70 JavaThread "Daemon periodic checks"            [_thread_blocked, id=9856, stack(0x000000a9c7f00000,0x000000a9c8000000) (1024K)]
  0x0000029f9d994010 JavaThread "Daemon"                            [_thread_blocked, id=15512, stack(0x000000a9c8000000,0x000000a9c8100000) (1024K)]
  0x0000029f9d994670 JavaThread "Handler for socket connection from /127.0.0.1:59062 to /127.0.0.1:59063"        [_thread_in_native, id=27220, stack(0x000000a9c8100000,0x000000a9c8200000) (1024K)]
  0x0000029f9cd62db0 JavaThread "Cancel handler"                    [_thread_blocked, id=22180, stack(0x000000a9c8200000,0x000000a9c8300000) (1024K)]
  0x0000029f9cd95da0 JavaThread "Daemon worker"                     [_thread_in_native, id=21768, stack(0x000000a9c8300000,0x000000a9c8400000) (1024K)]
  0x0000029f9cda00c0 JavaThread "Asynchronous log dispatcher for DefaultDaemonConnection: socket connection from /127.0.0.1:59062 to /127.0.0.1:59063"        [_thread_blocked, id=29152, stack(0x000000a9c8400000,0x000000a9c8500000) (1024K)]
  0x0000029f9cb75c60 JavaThread "Stdin handler"                     [_thread_blocked, id=22548, stack(0x000000a9c8500000,0x000000a9c8600000) (1024K)]
  0x0000029f9cb76980 JavaThread "Daemon client event forwarder"        [_thread_blocked, id=27020, stack(0x000000a9c8600000,0x000000a9c8700000) (1024K)]
  0x0000029f9cb776a0 JavaThread "Cache worker for journal cache (C:\Users\danie\.gradle\caches\journal-1)"        [_thread_blocked, id=25920, stack(0x000000a9c8e00000,0x000000a9c8f00000) (1024K)]
  0x0000029f9cb755d0 JavaThread "File lock request listener"        [_thread_in_native, id=30476, stack(0x000000a9c8f00000,0x000000a9c9000000) (1024K)]
  0x0000029f9cb783c0 JavaThread "Cache worker for file hash cache (C:\Users\danie\.gradle\caches\8.11.1\fileHashes)"        [_thread_blocked, id=5936, stack(0x000000a9c9000000,0x000000a9c9100000) (1024K)]
  0x0000029f9cb78a50 JavaThread "Cache worker for file content cache (C:\Users\danie\.gradle\caches\8.11.1\fileContent)"        [_thread_blocked, id=6352, stack(0x000000a9c9100000,0x000000a9c9200000) (1024K)]
  0x0000029f9cb762f0 JavaThread "Cache worker for file hash cache (C:\Comov\trabalhoCM\.gradle\8.11.1\fileHashes)"        [_thread_blocked, id=9680, stack(0x000000a9c9200000,0x000000a9c9300000) (1024K)]
  0x0000029f9cb77010 JavaThread "Cache worker for Build Output Cleanup Cache (C:\Comov\trabalhoCM\.gradle\buildOutputCleanup)"        [_thread_blocked, id=15976, stack(0x000000a9c9300000,0x000000a9c9400000) (1024K)]
  0x0000029f9cb77d30 JavaThread "File lock release action executor"        [_thread_blocked, id=14208, stack(0x000000a9c9400000,0x000000a9c9500000) (1024K)]
  0x0000029f9f0d1130 JavaThread "File watcher server"        daemon [_thread_in_native, id=30240, stack(0x000000a9c9500000,0x000000a9c9600000) (1024K)]
  0x0000029f9f0d1e50 JavaThread "File watcher consumer"      daemon [_thread_blocked, id=27720, stack(0x000000a9c9600000,0x000000a9c9700000) (1024K)]
  0x0000029f9f0d24e0 JavaThread "jar transforms"                    [_thread_blocked, id=12260, stack(0x000000a9c9700000,0x000000a9c9800000) (1024K)]
  0x0000029f9f0cfd80 JavaThread "jar transforms Thread 2"           [_thread_blocked, id=18540, stack(0x000000a9c9800000,0x000000a9c9900000) (1024K)]
  0x0000029f9f0cf6f0 JavaThread "jar transforms Thread 3"           [_thread_blocked, id=12876, stack(0x000000a9c9900000,0x000000a9c9a00000) (1024K)]
  0x0000029f9f0d0410 JavaThread "jar transforms Thread 4"           [_thread_blocked, id=2312, stack(0x000000a9c9a00000,0x000000a9c9b00000) (1024K)]
  0x0000029f9f0cf060 JavaThread "jar transforms Thread 5"           [_thread_blocked, id=8760, stack(0x000000a9c9b00000,0x000000a9c9c00000) (1024K)]
  0x0000029f9f0d0aa0 JavaThread "jar transforms Thread 6"           [_thread_blocked, id=13960, stack(0x000000a9c9c00000,0x000000a9c9d00000) (1024K)]
  0x0000029f9f0d17c0 JavaThread "jar transforms Thread 7"           [_thread_blocked, id=29680, stack(0x000000a9c9d00000,0x000000a9c9e00000) (1024K)]
  0x0000029f9f0dfd50 JavaThread "jar transforms Thread 8"           [_thread_blocked, id=11936, stack(0x000000a9c9e00000,0x000000a9c9f00000) (1024K)]
  0x0000029f9f0e31d0 JavaThread "jar transforms Thread 9"           [_thread_blocked, id=28228, stack(0x000000a9c9f00000,0x000000a9ca000000) (1024K)]
  0x0000029f9f0df6c0 JavaThread "jar transforms Thread 10"          [_thread_blocked, id=4396, stack(0x000000a9ca000000,0x000000a9ca100000) (1024K)]
  0x0000029f9f0df030 JavaThread "jar transforms Thread 11"          [_thread_blocked, id=10216, stack(0x000000a9ca100000,0x000000a9ca200000) (1024K)]
  0x0000029f9f0e4c10 JavaThread "jar transforms Thread 12"          [_thread_blocked, id=1804, stack(0x000000a9ca200000,0x000000a9ca300000) (1024K)]
  0x0000029f9f0e3860 JavaThread "Cache worker for checksums cache (C:\Comov\trabalhoCM\.gradle\8.11.1\checksums)"        [_thread_blocked, id=26748, stack(0x000000a9ca300000,0x000000a9ca400000) (1024K)]
  0x0000029f9f0e1100 JavaThread "Cache worker for cache directory md-rule (C:\Users\danie\.gradle\caches\8.11.1\md-rule)"        [_thread_blocked, id=23004, stack(0x000000a9ca400000,0x000000a9ca500000) (1024K)]
  0x0000029f9f0e52a0 JavaThread "Cache worker for cache directory md-supplier (C:\Users\danie\.gradle\caches\8.11.1\md-supplier)"        [_thread_blocked, id=8356, stack(0x000000a9ca500000,0x000000a9ca600000) (1024K)]
  0x0000029f9f0e24b0 JavaThread "Unconstrained build operations"        [_thread_blocked, id=6636, stack(0x000000a9ca600000,0x000000a9ca700000) (1024K)]
  0x0000029f9f0e2b40 JavaThread "Unconstrained build operations Thread 2"        [_thread_blocked, id=27112, stack(0x000000a9ca700000,0x000000a9ca800000) (1024K)]
  0x0000029f9f0e6650 JavaThread "Unconstrained build operations Thread 3"        [_thread_blocked, id=27312, stack(0x000000a9ca800000,0x000000a9ca900000) (1024K)]
  0x0000029f9f0e5930 JavaThread "Unconstrained build operations Thread 4"        [_thread_blocked, id=20420, stack(0x000000a9ca900000,0x000000a9caa00000) (1024K)]
  0x0000029f9f0e03e0 JavaThread "Unconstrained build operations Thread 5"        [_thread_blocked, id=12480, stack(0x000000a9caa00000,0x000000a9cab00000) (1024K)]
  0x0000029f9f0e0a70 JavaThread "Unconstrained build operations Thread 6"        [_thread_blocked, id=20020, stack(0x000000a9cab00000,0x000000a9cac00000) (1024K)]
  0x0000029f9f0e1e20 JavaThread "Unconstrained build operations Thread 7"        [_thread_blocked, id=10072, stack(0x000000a9cac00000,0x000000a9cad00000) (1024K)]
  0x0000029f9fe1bae0 JavaThread "Unconstrained build operations Thread 8"        [_thread_blocked, id=19192, stack(0x000000a9cad00000,0x000000a9cae00000) (1024K)]
  0x0000029f9fe1a0a0 JavaThread "Unconstrained build operations Thread 9"        [_thread_blocked, id=28756, stack(0x000000a9cae00000,0x000000a9caf00000) (1024K)]
  0x0000029f9fe1adc0 JavaThread "Unconstrained build operations Thread 10"        [_thread_blocked, id=29828, stack(0x000000a9caf00000,0x000000a9cb000000) (1024K)]
  0x0000029f9fe19a10 JavaThread "Unconstrained build operations Thread 11"        [_thread_blocked, id=1896, stack(0x000000a9cb000000,0x000000a9cb100000) (1024K)]
  0x0000029f9fe18660 JavaThread "Unconstrained build operations Thread 12"        [_thread_blocked, id=28868, stack(0x000000a9cb100000,0x000000a9cb200000) (1024K)]
  0x0000029f9fe1a730 JavaThread "Unconstrained build operations Thread 13"        [_thread_blocked, id=28720, stack(0x000000a9cb200000,0x000000a9cb300000) (1024K)]
  0x0000029f9fe1d520 JavaThread "Unconstrained build operations Thread 14"        [_thread_blocked, id=16524, stack(0x000000a9cb300000,0x000000a9cb400000) (1024K)]
  0x0000029f9fe1dbb0 JavaThread "Unconstrained build operations Thread 15"        [_thread_blocked, id=27196, stack(0x000000a9cb400000,0x000000a9cb500000) (1024K)]
  0x0000029f9fe17fd0 JavaThread "Unconstrained build operations Thread 16"        [_thread_blocked, id=12048, stack(0x000000a9cb500000,0x000000a9cb600000) (1024K)]
  0x0000029f9fe1c800 JavaThread "Unconstrained build operations Thread 17"        [_thread_blocked, id=3608, stack(0x000000a9cb600000,0x000000a9cb700000) (1024K)]
  0x0000029f9fe17940 JavaThread "Unconstrained build operations Thread 18"        [_thread_blocked, id=16580, stack(0x000000a9cb700000,0x000000a9cb800000) (1024K)]
  0x0000029f9fe18cf0 JavaThread "Unconstrained build operations Thread 19"        [_thread_blocked, id=27280, stack(0x000000a9cb800000,0x000000a9cb900000) (1024K)]
  0x0000029f9fe1b450 JavaThread "Unconstrained build operations Thread 20"        [_thread_blocked, id=21812, stack(0x000000a9cb900000,0x000000a9cba00000) (1024K)]
  0x0000029f9fe19380 JavaThread "Unconstrained build operations Thread 21"        [_thread_blocked, id=26380, stack(0x000000a9cba00000,0x000000a9cbb00000) (1024K)]
Total: 66

Other Threads:
  0x0000029f976046d0 VMThread "VM Thread"                           [id=2608, stack(0x000000a9c6e00000,0x000000a9c6f00000) (1024K)]
  0x0000029f975a7560 WatcherThread "VM Periodic Task Thread"        [id=3732, stack(0x000000a9c6d00000,0x000000a9c6e00000) (1024K)]
  0x0000029fffb156d0 WorkerThread "GC Thread#0"                     [id=3520, stack(0x000000a9c6800000,0x000000a9c6900000) (1024K)]
  0x0000029f9c2c8950 WorkerThread "GC Thread#1"                     [id=28196, stack(0x000000a9c7900000,0x000000a9c7a00000) (1024K)]
  0x0000029f9c3a2e20 WorkerThread "GC Thread#2"                     [id=16972, stack(0x000000a9c7a00000,0x000000a9c7b00000) (1024K)]
  0x0000029f9cf0fb00 WorkerThread "GC Thread#3"                     [id=404, stack(0x000000a9c7b00000,0x000000a9c7c00000) (1024K)]
  0x0000029f9cf14f50 WorkerThread "GC Thread#4"                     [id=3160, stack(0x000000a9c7c00000,0x000000a9c7d00000) (1024K)]
  0x0000029f9c367740 WorkerThread "GC Thread#5"                     [id=8612, stack(0x000000a9c8700000,0x000000a9c8800000) (1024K)]
  0x0000029f9c367e80 WorkerThread "GC Thread#6"                     [id=29888, stack(0x000000a9c8800000,0x000000a9c8900000) (1024K)]
  0x0000029f9c368220 WorkerThread "GC Thread#7"                     [id=1000, stack(0x000000a9c8900000,0x000000a9c8a00000) (1024K)]
  0x0000029f9c3668c0 WorkerThread "GC Thread#8"                     [id=13104, stack(0x000000a9c8a00000,0x000000a9c8b00000) (1024K)]
  0x0000029f9c366c60 WorkerThread "GC Thread#9"                     [id=22968, stack(0x000000a9c8b00000,0x000000a9c8c00000) (1024K)]
  0x0000029fffb266b0 ConcurrentGCThread "G1 Main Marker"            [id=26904, stack(0x000000a9c6900000,0x000000a9c6a00000) (1024K)]
  0x0000029fffb271b0 WorkerThread "G1 Conc#0"                       [id=13952, stack(0x000000a9c6a00000,0x000000a9c6b00000) (1024K)]
  0x0000029f9c367000 WorkerThread "G1 Conc#1"                       [id=20688, stack(0x000000a9c8c00000,0x000000a9c8d00000) (1024K)]
  0x0000029f9c3673a0 WorkerThread "G1 Conc#2"                       [id=8520, stack(0x000000a9c8d00000,0x000000a9c8e00000) (1024K)]
  0x0000029f9747c930 ConcurrentGCThread "G1 Refine#0"               [id=27152, stack(0x000000a9c6b00000,0x000000a9c6c00000) (1024K)]
  0x0000029f9747d2b0 ConcurrentGCThread "G1 Service"                [id=10524, stack(0x000000a9c6c00000,0x000000a9c6d00000) (1024K)]
Total: 18

Threads with active compile tasks:
C2 CompilerThread0  22983 6763   !   4       java.net.URLClassLoader::findClass (47 bytes)
Total: 1

VM state: not at safepoint (normal execution)

VM Mutex/Monitor currently owned by a thread: None

Heap address: 0x0000000080000000, size: 2048 MB, Compressed Oops mode: 32-bit

CDS archive(s) not mapped
Compressed class space mapped at: 0x0000000100000000-0x0000000140000000, reserved size: 1073741824
Narrow klass base: 0x0000000000000000, Narrow klass shift: 3, Narrow klass range: 0x140000000

GC Precious Log:
 CardTable entry size: 512
 Card Set container configuration: InlinePtr #cards 5 size 8 Array Of Cards #cards 12 size 40 Howl #buckets 4 coarsen threshold 1843 Howl Bitmap #cards 512 size 80 coarsen threshold 460 Card regions per heap region 1 cards per card region 2048
 CPUs: 12 total, 12 available
 Memory: 5996M
 Large Page Support: Disabled
 NUMA Support: Disabled
 Compressed Oops: Enabled (32-bit)
 Heap Region Size: 1M
 Heap Min Capacity: 8M
 Heap Initial Capacity: 94M
 Heap Max Capacity: 2G
 Pre-touch: Disabled
 Parallel Workers: 10
 Concurrent Workers: 3
 Concurrent Refinement Workers: 10
 Periodic GC: Disabled

Heap:
 garbage-first heap   total 157696K, used 105754K [0x0000000080000000, 0x0000000100000000)
  region size 1024K, 14 young (14336K), 5 survivors (5120K)
 Metaspace       used 70960K, committed 72768K, reserved 1114112K
  class space    used 9695K, committed 10624K, reserved 1048576K

Heap Regions: E=young(eden), S=young(survivor), O=old, HS=humongous(starts), HC=humongous(continues), CS=collection set, F=free, TAMS=top-at-mark-start, PB=parsable bottom
|   0|0x0000000080000000, 0x0000000080100000, 0x0000000080100000|100%| O|  |TAMS 0x0000000080000000| PB 0x0000000080000000| Untracked 
|   1|0x0000000080100000, 0x0000000080200000, 0x0000000080200000|100%|HS|  |TAMS 0x0000000080100000| PB 0x0000000080100000| Complete 
|   2|0x0000000080200000, 0x0000000080300000, 0x0000000080300000|100%|HC|  |TAMS 0x0000000080200000| PB 0x0000000080200000| Complete 
|   3|0x0000000080300000, 0x0000000080400000, 0x0000000080400000|100%|HC|  |TAMS 0x0000000080300000| PB 0x0000000080300000| Complete 
|   4|0x0000000080400000, 0x0000000080500000, 0x0000000080500000|100%| O|  |TAMS 0x0000000080400000| PB 0x0000000080400000| Untracked 
|   5|0x0000000080500000, 0x0000000080600000, 0x0000000080600000|100%| O|  |TAMS 0x0000000080500000| PB 0x0000000080500000| Untracked 
|   6|0x0000000080600000, 0x0000000080700000, 0x0000000080700000|100%| O|  |TAMS 0x0000000080600000| PB 0x0000000080600000| Untracked 
|   7|0x0000000080700000, 0x0000000080800000, 0x0000000080800000|100%|HS|  |TAMS 0x0000000080700000| PB 0x0000000080700000| Complete 
|   8|0x0000000080800000, 0x0000000080900000, 0x0000000080900000|100%| O|  |TAMS 0x0000000080800000| PB 0x0000000080800000| Untracked 
|   9|0x0000000080900000, 0x0000000080a00000, 0x0000000080a00000|100%| O|  |TAMS 0x0000000080900000| PB 0x0000000080900000| Untracked 
|  10|0x0000000080a00000, 0x0000000080b00000, 0x0000000080b00000|100%| O|  |TAMS 0x0000000080a00000| PB 0x0000000080a00000| Untracked 
|  11|0x0000000080b00000, 0x0000000080c00000, 0x0000000080c00000|100%| O|  |TAMS 0x0000000080b00000| PB 0x0000000080b00000| Untracked 
|  12|0x0000000080c00000, 0x0000000080d00000, 0x0000000080d00000|100%| O|  |TAMS 0x0000000080c00000| PB 0x0000000080c00000| Untracked 
|  13|0x0000000080d00000, 0x0000000080e00000, 0x0000000080e00000|100%| O|  |TAMS 0x0000000080d00000| PB 0x0000000080d00000| Untracked 
|  14|0x0000000080e00000, 0x0000000080f00000, 0x0000000080f00000|100%| O|  |TAMS 0x0000000080e00000| PB 0x0000000080e00000| Untracked 
|  15|0x0000000080f00000, 0x0000000081000000, 0x0000000081000000|100%| O|  |TAMS 0x0000000080f00000| PB 0x0000000080f00000| Untracked 
|  16|0x0000000081000000, 0x0000000081100000, 0x0000000081100000|100%|HS|  |TAMS 0x0000000081000000| PB 0x0000000081000000| Complete 
|  17|0x0000000081100000, 0x0000000081200000, 0x0000000081200000|100%| O|  |TAMS 0x0000000081100000| PB 0x0000000081100000| Untracked 
|  18|0x0000000081200000, 0x0000000081300000, 0x0000000081300000|100%|HS|  |TAMS 0x0000000081200000| PB 0x0000000081200000| Complete 
|  19|0x0000000081300000, 0x0000000081400000, 0x0000000081400000|100%|HC|  |TAMS 0x0000000081300000| PB 0x0000000081300000| Complete 
|  20|0x0000000081400000, 0x0000000081500000, 0x0000000081500000|100%|HC|  |TAMS 0x0000000081400000| PB 0x0000000081400000| Complete 
|  21|0x0000000081500000, 0x0000000081600000, 0x0000000081600000|100%|HC|  |TAMS 0x0000000081500000| PB 0x0000000081500000| Complete 
|  22|0x0000000081600000, 0x0000000081700000, 0x0000000081700000|100%|HC|  |TAMS 0x0000000081600000| PB 0x0000000081600000| Complete 
|  23|0x0000000081700000, 0x0000000081800000, 0x0000000081800000|100%|HC|  |TAMS 0x0000000081700000| PB 0x0000000081700000| Complete 
|  24|0x0000000081800000, 0x0000000081900000, 0x0000000081900000|100%| O|  |TAMS 0x0000000081800000| PB 0x0000000081800000| Untracked 
|  25|0x0000000081900000, 0x0000000081a00000, 0x0000000081a00000|100%|HS|  |TAMS 0x0000000081900000| PB 0x0000000081900000| Complete 
|  26|0x0000000081a00000, 0x0000000081b00000, 0x0000000081b00000|100%|HS|  |TAMS 0x0000000081a00000| PB 0x0000000081a00000| Complete 
|  27|0x0000000081b00000, 0x0000000081c00000, 0x0000000081c00000|100%|HS|  |TAMS 0x0000000081b00000| PB 0x0000000081b00000| Complete 
|  28|0x0000000081c00000, 0x0000000081d00000, 0x0000000081d00000|100%|HC|  |TAMS 0x0000000081c00000| PB 0x0000000081c00000| Complete 
|  29|0x0000000081d00000, 0x0000000081e00000, 0x0000000081e00000|100%|HC|  |TAMS 0x0000000081d00000| PB 0x0000000081d00000| Complete 
|  30|0x0000000081e00000, 0x0000000081f00000, 0x0000000081f00000|100%|HC|  |TAMS 0x0000000081e00000| PB 0x0000000081e00000| Complete 
|  31|0x0000000081f00000, 0x0000000082000000, 0x0000000082000000|100%|HS|  |TAMS 0x0000000081f00000| PB 0x0000000081f00000| Complete 
|  32|0x0000000082000000, 0x0000000082100000, 0x0000000082100000|100%|HC|  |TAMS 0x0000000082000000| PB 0x0000000082000000| Complete 
|  33|0x0000000082100000, 0x0000000082200000, 0x0000000082200000|100%|HC|  |TAMS 0x0000000082100000| PB 0x0000000082100000| Complete 
|  34|0x0000000082200000, 0x0000000082300000, 0x0000000082300000|100%|HC|  |TAMS 0x0000000082200000| PB 0x0000000082200000| Complete 
|  35|0x0000000082300000, 0x0000000082400000, 0x0000000082400000|100%|HS|  |TAMS 0x0000000082300000| PB 0x0000000082300000| Complete 
|  36|0x0000000082400000, 0x0000000082500000, 0x0000000082500000|100%|HC|  |TAMS 0x0000000082400000| PB 0x0000000082400000| Complete 
|  37|0x0000000082500000, 0x0000000082600000, 0x0000000082600000|100%| O|  |TAMS 0x0000000082500000| PB 0x0000000082500000| Untracked 
|  38|0x0000000082600000, 0x0000000082700000, 0x0000000082700000|100%| O|  |TAMS 0x0000000082600000| PB 0x0000000082600000| Untracked 
|  39|0x0000000082700000, 0x0000000082800000, 0x0000000082800000|100%|HS|  |TAMS 0x0000000082700000| PB 0x0000000082700000| Complete 
|  40|0x0000000082800000, 0x0000000082900000, 0x0000000082900000|100%|HC|  |TAMS 0x0000000082800000| PB 0x0000000082800000| Complete 
|  41|0x0000000082900000, 0x0000000082a00000, 0x0000000082a00000|100%|HC|  |TAMS 0x0000000082900000| PB 0x0000000082900000| Complete 
|  42|0x0000000082a00000, 0x0000000082b00000, 0x0000000082b00000|100%|HC|  |TAMS 0x0000000082a00000| PB 0x0000000082a00000| Complete 
|  43|0x0000000082b00000, 0x0000000082c00000, 0x0000000082c00000|100%|HC|  |TAMS 0x0000000082b00000| PB 0x0000000082b00000| Complete 
|  44|0x0000000082c00000, 0x0000000082d00000, 0x0000000082d00000|100%|HC|  |TAMS 0x0000000082c00000| PB 0x0000000082c00000| Complete 
|  45|0x0000000082d00000, 0x0000000082e00000, 0x0000000082e00000|100%|HS|  |TAMS 0x0000000082d00000| PB 0x0000000082d00000| Complete 
|  46|0x0000000082e00000, 0x0000000082f00000, 0x0000000082f00000|100%|HC|  |TAMS 0x0000000082e00000| PB 0x0000000082e00000| Complete 
|  47|0x0000000082f00000, 0x0000000083000000, 0x0000000083000000|100%|HS|  |TAMS 0x0000000082f00000| PB 0x0000000082f00000| Complete 
|  48|0x0000000083000000, 0x0000000083100000, 0x0000000083100000|100%| O|  |TAMS 0x0000000083000000| PB 0x0000000083000000| Untracked 
|  49|0x0000000083100000, 0x0000000083200000, 0x0000000083200000|100%| O|  |TAMS 0x0000000083100000| PB 0x0000000083100000| Untracked 
|  50|0x0000000083200000, 0x0000000083300000, 0x0000000083300000|100%| O|  |TAMS 0x0000000083200000| PB 0x0000000083200000| Untracked 
|  51|0x0000000083300000, 0x0000000083400000, 0x0000000083400000|100%| O|  |TAMS 0x0000000083300000| PB 0x0000000083300000| Untracked 
|  52|0x0000000083400000, 0x0000000083500000, 0x0000000083500000|100%| O|  |TAMS 0x0000000083400000| PB 0x0000000083400000| Untracked 
|  53|0x0000000083500000, 0x0000000083600000, 0x0000000083600000|100%| O|  |TAMS 0x0000000083500000| PB 0x0000000083500000| Untracked 
|  54|0x0000000083600000, 0x0000000083700000, 0x0000000083700000|100%| O|  |TAMS 0x0000000083600000| PB 0x0000000083600000| Untracked 
|  55|0x0000000083700000, 0x0000000083800000, 0x0000000083800000|100%| O|  |TAMS 0x0000000083700000| PB 0x0000000083700000| Untracked 
|  56|0x0000000083800000, 0x0000000083900000, 0x0000000083900000|100%| O|  |TAMS 0x0000000083800000| PB 0x0000000083800000| Untracked 
|  57|0x0000000083900000, 0x0000000083a00000, 0x0000000083a00000|100%| O|  |TAMS 0x0000000083900000| PB 0x0000000083900000| Untracked 
|  58|0x0000000083a00000, 0x0000000083b00000, 0x0000000083b00000|100%| O|  |TAMS 0x0000000083a00000| PB 0x0000000083a00000| Untracked 
|  59|0x0000000083b00000, 0x0000000083b00000, 0x0000000083c00000|  0%| F|  |TAMS 0x0000000083b00000| PB 0x0000000083b00000| Untracked 
|  60|0x0000000083c00000, 0x0000000083d00000, 0x0000000083d00000|100%|HS|  |TAMS 0x0000000083c00000| PB 0x0000000083c00000| Complete 
|  61|0x0000000083d00000, 0x0000000083e00000, 0x0000000083e00000|100%|HC|  |TAMS 0x0000000083d00000| PB 0x0000000083d00000| Complete 
|  62|0x0000000083e00000, 0x0000000083f00000, 0x0000000083f00000|100%|HS|  |TAMS 0x0000000083e00000| PB 0x0000000083e00000| Complete 
|  63|0x0000000083f00000, 0x0000000084000000, 0x0000000084000000|100%|HC|  |TAMS 0x0000000083f00000| PB 0x0000000083f00000| Complete 
|  64|0x0000000084000000, 0x0000000084100000, 0x0000000084100000|100%|HC|  |TAMS 0x0000000084000000| PB 0x0000000084000000| Complete 
|  65|0x0000000084100000, 0x0000000084200000, 0x0000000084200000|100%|HC|  |TAMS 0x0000000084100000| PB 0x0000000084100000| Complete 
|  66|0x0000000084200000, 0x0000000084300000, 0x0000000084300000|100%|HC|  |TAMS 0x0000000084200000| PB 0x0000000084200000| Complete 
|  67|0x0000000084300000, 0x0000000084400000, 0x0000000084400000|100%|HC|  |TAMS 0x0000000084300000| PB 0x0000000084300000| Complete 
|  68|0x0000000084400000, 0x0000000084500000, 0x0000000084500000|100%|HS|  |TAMS 0x0000000084400000| PB 0x0000000084400000| Complete 
|  69|0x0000000084500000, 0x0000000084600000, 0x0000000084600000|100%|HS|  |TAMS 0x0000000084500000| PB 0x0000000084500000| Complete 
|  70|0x0000000084600000, 0x0000000084700000, 0x0000000084700000|100%| O|  |TAMS 0x0000000084600000| PB 0x0000000084600000| Untracked 
|  71|0x0000000084700000, 0x0000000084800000, 0x0000000084800000|100%| O|  |TAMS 0x0000000084700000| PB 0x0000000084700000| Untracked 
|  72|0x0000000084800000, 0x0000000084900000, 0x0000000084900000|100%| O|  |TAMS 0x0000000084800000| PB 0x0000000084800000| Untracked 
|  73|0x0000000084900000, 0x0000000084a00000, 0x0000000084a00000|100%|HS|  |TAMS 0x0000000084900000| PB 0x0000000084900000| Complete 
|  74|0x0000000084a00000, 0x0000000084b00000, 0x0000000084b00000|100%|HC|  |TAMS 0x0000000084a00000| PB 0x0000000084a00000| Complete 
|  75|0x0000000084b00000, 0x0000000084c00000, 0x0000000084c00000|100%|HC|  |TAMS 0x0000000084b00000| PB 0x0000000084b00000| Complete 
|  76|0x0000000084c00000, 0x0000000084d00000, 0x0000000084d00000|100%|HC|  |TAMS 0x0000000084c00000| PB 0x0000000084c00000| Complete 
|  77|0x0000000084d00000, 0x0000000084e00000, 0x0000000084e00000|100%|HC|  |TAMS 0x0000000084d00000| PB 0x0000000084d00000| Complete 
|  78|0x0000000084e00000, 0x0000000084f00000, 0x0000000084f00000|100%|HC|  |TAMS 0x0000000084e00000| PB 0x0000000084e00000| Complete 
|  79|0x0000000084f00000, 0x0000000085000000, 0x0000000085000000|100%| O|  |TAMS 0x0000000084f00000| PB 0x0000000084f00000| Untracked 
|  80|0x0000000085000000, 0x0000000085100000, 0x0000000085100000|100%| O|  |TAMS 0x0000000085000000| PB 0x0000000085000000| Untracked 
|  81|0x0000000085100000, 0x00000000851469c8, 0x0000000085200000| 27%| O|  |TAMS 0x0000000085100000| PB 0x0000000085100000| Untracked 
|  82|0x0000000085200000, 0x0000000085200000, 0x0000000085300000|  0%| F|  |TAMS 0x0000000085200000| PB 0x0000000085200000| Untracked 
|  83|0x0000000085300000, 0x0000000085300000, 0x0000000085400000|  0%| F|  |TAMS 0x0000000085300000| PB 0x0000000085300000| Untracked 
|  84|0x0000000085400000, 0x0000000085400000, 0x0000000085500000|  0%| F|  |TAMS 0x0000000085400000| PB 0x0000000085400000| Untracked 
|  85|0x0000000085500000, 0x0000000085500000, 0x0000000085600000|  0%| F|  |TAMS 0x0000000085500000| PB 0x0000000085500000| Untracked 
|  86|0x0000000085600000, 0x0000000085600000, 0x0000000085700000|  0%| F|  |TAMS 0x0000000085600000| PB 0x0000000085600000| Untracked 
|  87|0x0000000085700000, 0x0000000085800000, 0x0000000085800000|100%| S|CS|TAMS 0x0000000085700000| PB 0x0000000085700000| Complete 
|  88|0x0000000085800000, 0x0000000085900000, 0x0000000085900000|100%| S|CS|TAMS 0x0000000085800000| PB 0x0000000085800000| Complete 
|  89|0x0000000085900000, 0x0000000085a00000, 0x0000000085a00000|100%| S|CS|TAMS 0x0000000085900000| PB 0x0000000085900000| Complete 
|  90|0x0000000085a00000, 0x0000000085b00000, 0x0000000085b00000|100%| S|CS|TAMS 0x0000000085a00000| PB 0x0000000085a00000| Complete 
|  91|0x0000000085b00000, 0x0000000085c00000, 0x0000000085c00000|100%| S|CS|TAMS 0x0000000085b00000| PB 0x0000000085b00000| Complete 
|  92|0x0000000085c00000, 0x0000000085c00000, 0x0000000085d00000|  0%| F|  |TAMS 0x0000000085c00000| PB 0x0000000085c00000| Untracked 
|  93|0x0000000085d00000, 0x0000000085d00000, 0x0000000085e00000|  0%| F|  |TAMS 0x0000000085d00000| PB 0x0000000085d00000| Untracked 
|  94|0x0000000085e00000, 0x0000000085e00000, 0x0000000085f00000|  0%| F|  |TAMS 0x0000000085e00000| PB 0x0000000085e00000| Untracked 
|  95|0x0000000085f00000, 0x0000000085f00000, 0x0000000086000000|  0%| F|  |TAMS 0x0000000085f00000| PB 0x0000000085f00000| Untracked 
|  96|0x0000000086000000, 0x0000000086000000, 0x0000000086100000|  0%| F|  |TAMS 0x0000000086000000| PB 0x0000000086000000| Untracked 
|  97|0x0000000086100000, 0x0000000086100000, 0x0000000086200000|  0%| F|  |TAMS 0x0000000086100000| PB 0x0000000086100000| Untracked 
|  98|0x0000000086200000, 0x0000000086200000, 0x0000000086300000|  0%| F|  |TAMS 0x0000000086200000| PB 0x0000000086200000| Untracked 
|  99|0x0000000086300000, 0x0000000086300000, 0x0000000086400000|  0%| F|  |TAMS 0x0000000086300000| PB 0x0000000086300000| Untracked 
| 100|0x0000000086400000, 0x0000000086400000, 0x0000000086500000|  0%| F|  |TAMS 0x0000000086400000| PB 0x0000000086400000| Untracked 
| 101|0x0000000086500000, 0x0000000086500000, 0x0000000086600000|  0%| F|  |TAMS 0x0000000086500000| PB 0x0000000086500000| Untracked 
| 102|0x0000000086600000, 0x0000000086600000, 0x0000000086700000|  0%| F|  |TAMS 0x0000000086600000| PB 0x0000000086600000| Untracked 
| 103|0x0000000086700000, 0x0000000086700000, 0x0000000086800000|  0%| F|  |TAMS 0x0000000086700000| PB 0x0000000086700000| Untracked 
| 104|0x0000000086800000, 0x0000000086800000, 0x0000000086900000|  0%| F|  |TAMS 0x0000000086800000| PB 0x0000000086800000| Untracked 
| 105|0x0000000086900000, 0x0000000086900000, 0x0000000086a00000|  0%| F|  |TAMS 0x0000000086900000| PB 0x0000000086900000| Untracked 
| 106|0x0000000086a00000, 0x0000000086a00000, 0x0000000086b00000|  0%| F|  |TAMS 0x0000000086a00000| PB 0x0000000086a00000| Untracked 
| 107|0x0000000086b00000, 0x0000000086b00000, 0x0000000086c00000|  0%| F|  |TAMS 0x0000000086b00000| PB 0x0000000086b00000| Untracked 
| 108|0x0000000086c00000, 0x0000000086c00000, 0x0000000086d00000|  0%| F|  |TAMS 0x0000000086c00000| PB 0x0000000086c00000| Untracked 
| 109|0x0000000086d00000, 0x0000000086d00000, 0x0000000086e00000|  0%| F|  |TAMS 0x0000000086d00000| PB 0x0000000086d00000| Untracked 
| 110|0x0000000086e00000, 0x0000000086e00000, 0x0000000086f00000|  0%| F|  |TAMS 0x0000000086e00000| PB 0x0000000086e00000| Untracked 
| 111|0x0000000086f00000, 0x0000000086f00000, 0x0000000087000000|  0%| F|  |TAMS 0x0000000086f00000| PB 0x0000000086f00000| Untracked 
| 112|0x0000000087000000, 0x0000000087000000, 0x0000000087100000|  0%| F|  |TAMS 0x0000000087000000| PB 0x0000000087000000| Untracked 
| 113|0x0000000087100000, 0x0000000087100000, 0x0000000087200000|  0%| F|  |TAMS 0x0000000087100000| PB 0x0000000087100000| Untracked 
| 114|0x0000000087200000, 0x0000000087200000, 0x0000000087300000|  0%| F|  |TAMS 0x0000000087200000| PB 0x0000000087200000| Untracked 
| 115|0x0000000087300000, 0x0000000087300000, 0x0000000087400000|  0%| F|  |TAMS 0x0000000087300000| PB 0x0000000087300000| Untracked 
| 116|0x0000000087400000, 0x0000000087400000, 0x0000000087500000|  0%| F|  |TAMS 0x0000000087400000| PB 0x0000000087400000| Untracked 
| 117|0x0000000087500000, 0x0000000087500000, 0x0000000087600000|  0%| F|  |TAMS 0x0000000087500000| PB 0x0000000087500000| Untracked 
| 118|0x0000000087600000, 0x0000000087600000, 0x0000000087700000|  0%| F|  |TAMS 0x0000000087600000| PB 0x0000000087600000| Untracked 
| 119|0x0000000087700000, 0x0000000087700000, 0x0000000087800000|  0%| F|  |TAMS 0x0000000087700000| PB 0x0000000087700000| Untracked 
| 120|0x0000000087800000, 0x0000000087800000, 0x0000000087900000|  0%| F|  |TAMS 0x0000000087800000| PB 0x0000000087800000| Untracked 
| 121|0x0000000087900000, 0x0000000087900000, 0x0000000087a00000|  0%| F|  |TAMS 0x0000000087900000| PB 0x0000000087900000| Untracked 
| 122|0x0000000087a00000, 0x0000000087a00000, 0x0000000087b00000|  0%| F|  |TAMS 0x0000000087a00000| PB 0x0000000087a00000| Untracked 
| 123|0x0000000087b00000, 0x0000000087b00000, 0x0000000087c00000|  0%| F|  |TAMS 0x0000000087b00000| PB 0x0000000087b00000| Untracked 
| 124|0x0000000087c00000, 0x0000000087c00000, 0x0000000087d00000|  0%| F|  |TAMS 0x0000000087c00000| PB 0x0000000087c00000| Untracked 
| 125|0x0000000087d00000, 0x0000000087d00000, 0x0000000087e00000|  0%| F|  |TAMS 0x0000000087d00000| PB 0x0000000087d00000| Untracked 
| 126|0x0000000087e00000, 0x0000000087e00000, 0x0000000087f00000|  0%| F|  |TAMS 0x0000000087e00000| PB 0x0000000087e00000| Untracked 
| 127|0x0000000087f00000, 0x0000000087f00000, 0x0000000088000000|  0%| F|  |TAMS 0x0000000087f00000| PB 0x0000000087f00000| Untracked 
| 128|0x0000000088000000, 0x0000000088000000, 0x0000000088100000|  0%| F|  |TAMS 0x0000000088000000| PB 0x0000000088000000| Untracked 
| 129|0x0000000088100000, 0x0000000088100000, 0x0000000088200000|  0%| F|  |TAMS 0x0000000088100000| PB 0x0000000088100000| Untracked 
| 130|0x0000000088200000, 0x0000000088200000, 0x0000000088300000|  0%| F|  |TAMS 0x0000000088200000| PB 0x0000000088200000| Untracked 
| 131|0x0000000088300000, 0x0000000088300000, 0x0000000088400000|  0%| F|  |TAMS 0x0000000088300000| PB 0x0000000088300000| Untracked 
| 132|0x0000000088400000, 0x0000000088400000, 0x0000000088500000|  0%| F|  |TAMS 0x0000000088400000| PB 0x0000000088400000| Untracked 
| 133|0x0000000088500000, 0x0000000088500000, 0x0000000088600000|  0%| F|  |TAMS 0x0000000088500000| PB 0x0000000088500000| Untracked 
| 134|0x0000000088600000, 0x0000000088600000, 0x0000000088700000|  0%| F|  |TAMS 0x0000000088600000| PB 0x0000000088600000| Untracked 
| 135|0x0000000088700000, 0x0000000088780000, 0x0000000088800000| 50%| E|  |TAMS 0x0000000088700000| PB 0x0000000088700000| Complete 
| 136|0x0000000088800000, 0x0000000088900000, 0x0000000088900000|100%| E|CS|TAMS 0x0000000088800000| PB 0x0000000088800000| Complete 
| 137|0x0000000088900000, 0x0000000088a00000, 0x0000000088a00000|100%| E|CS|TAMS 0x0000000088900000| PB 0x0000000088900000| Complete 
| 138|0x0000000088a00000, 0x0000000088b00000, 0x0000000088b00000|100%| E|CS|TAMS 0x0000000088a00000| PB 0x0000000088a00000| Complete 
| 139|0x0000000088b00000, 0x0000000088c00000, 0x0000000088c00000|100%| E|CS|TAMS 0x0000000088b00000| PB 0x0000000088b00000| Complete 
| 140|0x0000000088c00000, 0x0000000088d00000, 0x0000000088d00000|100%| E|CS|TAMS 0x0000000088c00000| PB 0x0000000088c00000| Complete 
| 141|0x0000000088d00000, 0x0000000088e00000, 0x0000000088e00000|100%| E|CS|TAMS 0x0000000088d00000| PB 0x0000000088d00000| Complete 
|2036|0x00000000ff400000, 0x00000000ff500000, 0x00000000ff500000|100%| E|CS|TAMS 0x00000000ff400000| PB 0x00000000ff400000| Complete 
|2037|0x00000000ff500000, 0x00000000ff600000, 0x00000000ff600000|100%| O|  |TAMS 0x00000000ff500000| PB 0x00000000ff500000| Untracked 
|2038|0x00000000ff600000, 0x00000000ff700000, 0x00000000ff700000|100%| O|  |TAMS 0x00000000ff600000| PB 0x00000000ff600000| Untracked 
|2039|0x00000000ff700000, 0x00000000ff800000, 0x00000000ff800000|100%| O|  |TAMS 0x00000000ff700000| PB 0x00000000ff700000| Untracked 
|2040|0x00000000ff800000, 0x00000000ff900000, 0x00000000ff900000|100%| E|CS|TAMS 0x00000000ff800000| PB 0x00000000ff800000| Complete 
|2041|0x00000000ff900000, 0x00000000ffa00000, 0x00000000ffa00000|100%| O|  |TAMS 0x00000000ff900000| PB 0x00000000ff900000| Untracked 
|2042|0x00000000ffa00000, 0x00000000ffb00000, 0x00000000ffb00000|100%| O|  |TAMS 0x00000000ffa00000| PB 0x00000000ffa00000| Untracked 
|2043|0x00000000ffb00000, 0x00000000ffc00000, 0x00000000ffc00000|100%| O|  |TAMS 0x00000000ffb00000| PB 0x00000000ffb00000| Untracked 
|2044|0x00000000ffc00000, 0x00000000ffd00000, 0x00000000ffd00000|100%| O|  |TAMS 0x00000000ffc00000| PB 0x00000000ffc00000| Untracked 
|2045|0x00000000ffd00000, 0x00000000ffe00000, 0x00000000ffe00000|100%| O|  |TAMS 0x00000000ffd00000| PB 0x00000000ffd00000| Untracked 
|2046|0x00000000ffe00000, 0x00000000fff00000, 0x00000000fff00000|100%| O|  |TAMS 0x00000000ffe00000| PB 0x00000000ffe00000| Untracked 
|2047|0x00000000fff00000, 0x0000000100000000, 0x0000000100000000|100%| O|  |TAMS 0x00000000fff00000| PB 0x00000000fff00000| Untracked 

Card table byte_map: [0x0000029f925a0000,0x0000029f929a0000] _byte_map_base: 0x0000029f921a0000

Marking Bits: (CMBitMap*) 0x0000029fffb15dd0
 Bits: [0x0000029f929a0000, 0x0000029f949a0000)

Polling page: 0x0000029ffd970000

Metaspace:

Usage:
  Non-class:     59.83 MB used.
      Class:      9.47 MB used.
       Both:     69.30 MB used.

Virtual space:
  Non-class space:       64.00 MB reserved,      60.69 MB ( 95%) committed,  1 nodes.
      Class space:        1.00 GB reserved,      10.38 MB (  1%) committed,  1 nodes.
             Both:        1.06 GB reserved,      71.06 MB (  7%) committed. 

Chunk freelists:
   Non-Class:  3.02 MB
       Class:  5.58 MB
        Both:  8.59 MB

MaxMetaspaceSize: unlimited
CompressedClassSpaceSize: 1.00 GB
Initial GC threshold: 21.00 MB
Current GC threshold: 100.31 MB
CDS: off
 - commit_granule_bytes: 65536.
 - commit_granule_words: 8192.
 - virtual_space_node_default_size: 8388608.
 - enlarge_chunks_in_place: 1.
 - use_allocation_guard: 0.


Internal statistics:

num_allocs_failed_limit: 6.
num_arena_births: 3272.
num_arena_deaths: 0.
num_vsnodes_births: 2.
num_vsnodes_deaths: 0.
num_space_committed: 1137.
num_space_uncommitted: 0.
num_chunks_returned_to_freelist: 6.
num_chunks_taken_from_freelist: 6218.
num_chunk_merges: 6.
num_chunk_splits: 4015.
num_chunks_enlarged: 2483.
num_inconsistent_stats: 0.

CodeHeap 'non-profiled nmethods': size=120000Kb used=3143Kb max_used=3143Kb free=116856Kb
 bounds [0x0000029f8ab60000, 0x0000029f8ae80000, 0x0000029f92090000]
CodeHeap 'profiled nmethods': size=120000Kb used=11622Kb max_used=11622Kb free=108377Kb
 bounds [0x0000029f83090000, 0x0000029f83bf0000, 0x0000029f8a5c0000]
CodeHeap 'non-nmethods': size=5760Kb used=2748Kb max_used=2768Kb free=3011Kb
 bounds [0x0000029f8a5c0000, 0x0000029f8a880000, 0x0000029f8ab60000]
 total_blobs=6947 nmethods=6056 adapters=795
 compilation: enabled
              stopped_count=0, restarted_count=0
 full_count=0

Compilation events (20 events):
Event: 22.815 Thread 0x0000029f977e1f00 nmethod 6869 0x0000029f83bdcd10 code [0x0000029f83bdcf20, 0x0000029f83bdd4a8]
Event: 22.815 Thread 0x0000029f977e1f00 6870   !   3       java.util.concurrent.FutureTask::run (123 bytes)
Event: 22.818 Thread 0x0000029f977e1f00 nmethod 6870 0x0000029f83bdd710 code [0x0000029f83bddce0, 0x0000029f83be1008]
Event: 22.818 Thread 0x0000029f977e1f00 6871       3       java.util.concurrent.FutureTask::set (30 bytes)
Event: 22.819 Thread 0x0000029f977e1f00 nmethod 6871 0x0000029f83be2010 code [0x0000029f83be22e0, 0x0000029f83be3100]
Event: 22.819 Thread 0x0000029f977e1f00 6872       3       java.lang.invoke.VarHandleGuards::guard_LII_Z (86 bytes)
Event: 22.821 Thread 0x0000029f977e1f00 nmethod 6872 0x0000029f83be3590 code [0x0000029f83be38c0, 0x0000029f83be50a8]
Event: 22.821 Thread 0x0000029f977e1f00 6873       3       java.lang.invoke.VarHandleInts$FieldInstanceReadWrite::setRelease (28 bytes)
Event: 22.821 Thread 0x0000029f977e1f00 nmethod 6873 0x0000029f83be5810 code [0x0000029f83be5a20, 0x0000029f83be6008]
Event: 22.821 Thread 0x0000029f977e1f00 6874       3       jdk.internal.misc.Unsafe::putIntRelease (9 bytes)
Event: 22.821 Thread 0x0000029f977e1f00 nmethod 6874 0x0000029f83be6290 code [0x0000029f83be6420, 0x0000029f83be6538]
Event: 22.821 Thread 0x0000029f977e1f00 6875       3       java.util.concurrent.FutureTask::finishCompletion (71 bytes)
Event: 22.822 Thread 0x0000029f977e1f00 nmethod 6875 0x0000029f83be6610 code [0x0000029f83be6900, 0x0000029f83be7908]
Event: 22.822 Thread 0x0000029f977e1f00 6876       3       java.util.concurrent.FutureTask::done (1 bytes)
Event: 22.823 Thread 0x0000029f977e1f00 nmethod 6876 0x0000029f83be7e90 code [0x0000029f83be8020, 0x0000029f83be8128]
Event: 22.823 Thread 0x0000029f977e1f00 6877       3       java.util.concurrent.FutureTask::<init> (27 bytes)
Event: 22.823 Thread 0x0000029f977e1f00 nmethod 6877 0x0000029f83be8190 code [0x0000029f83be8360, 0x0000029f83be8620]
Event: 22.823 Thread 0x0000029f977e1f00 6879       1       org.gradle.internal.typeconversion.NotationConverterToNotationParserAdapter$ResultImpl::access$100 (5 bytes)
Event: 22.823 Thread 0x0000029f977e1f00 nmethod 6879 0x0000029f8ae71910 code [0x0000029f8ae71aa0, 0x0000029f8ae71b50]
Event: 22.823 Thread 0x0000029f977e1f00 6880       1       org.gradle.internal.typeconversion.NotationConverterToNotationParserAdapter$ResultImpl::access$200 (5 bytes)

GC Heap History (20 events):
Event: 12.164 GC heap before
{Heap before GC invocations=10 (full 0):
 garbage-first heap   total 87040K, used 77799K [0x0000000080000000, 0x0000000100000000)
  region size 1024K, 20 young (20480K), 4 survivors (4096K)
 Metaspace       used 39160K, committed 40256K, reserved 1114112K
  class space    used 5350K, committed 5888K, reserved 1048576K
}
Event: 12.168 GC heap after
{Heap after GC invocations=11 (full 0):
 garbage-first heap   total 87040K, used 61627K [0x0000000080000000, 0x0000000100000000)
  region size 1024K, 1 young (1024K), 1 survivors (1024K)
 Metaspace       used 39160K, committed 40256K, reserved 1114112K
  class space    used 5350K, committed 5888K, reserved 1048576K
}
Event: 12.572 GC heap before
{Heap before GC invocations=11 (full 0):
 garbage-first heap   total 87040K, used 78011K [0x0000000080000000, 0x0000000100000000)
  region size 1024K, 17 young (17408K), 1 survivors (1024K)
 Metaspace       used 41205K, committed 42496K, reserved 1114112K
  class space    used 5690K, committed 6336K, reserved 1048576K
}
Event: 12.575 GC heap after
{Heap after GC invocations=12 (full 0):
 garbage-first heap   total 87040K, used 62552K [0x0000000080000000, 0x0000000100000000)
  region size 1024K, 2 young (2048K), 2 survivors (2048K)
 Metaspace       used 41205K, committed 42496K, reserved 1114112K
  class space    used 5690K, committed 6336K, reserved 1048576K
}
Event: 13.056 GC heap before
{Heap before GC invocations=13 (full 0):
 garbage-first heap   total 106496K, used 77912K [0x0000000080000000, 0x0000000100000000)
  region size 1024K, 17 young (17408K), 2 survivors (2048K)
 Metaspace       used 43583K, committed 44864K, reserved 1114112K
  class space    used 6076K, committed 6720K, reserved 1048576K
}
Event: 13.060 GC heap after
{Heap after GC invocations=14 (full 0):
 garbage-first heap   total 128000K, used 63469K [0x0000000080000000, 0x0000000100000000)
  region size 1024K, 2 young (2048K), 2 survivors (2048K)
 Metaspace       used 43583K, committed 44864K, reserved 1114112K
  class space    used 6076K, committed 6720K, reserved 1048576K
}
Event: 14.570 GC heap before
{Heap before GC invocations=14 (full 0):
 garbage-first heap   total 128000K, used 109549K [0x0000000080000000, 0x0000000100000000)
  region size 1024K, 48 young (49152K), 2 survivors (2048K)
 Metaspace       used 49530K, committed 50816K, reserved 1114112K
  class space    used 6685K, committed 7296K, reserved 1048576K
}
Event: 14.582 GC heap after
{Heap after GC invocations=15 (full 0):
 garbage-first heap   total 128000K, used 68056K [0x0000000080000000, 0x0000000100000000)
  region size 1024K, 6 young (6144K), 6 survivors (6144K)
 Metaspace       used 49530K, committed 50816K, reserved 1114112K
  class space    used 6685K, committed 7296K, reserved 1048576K
}
Event: 14.776 GC heap before
{Heap before GC invocations=15 (full 0):
 garbage-first heap   total 128000K, used 72152K [0x0000000080000000, 0x0000000100000000)
  region size 1024K, 11 young (11264K), 6 survivors (6144K)
 Metaspace       used 49868K, committed 51136K, reserved 1114112K
  class space    used 6720K, committed 7360K, reserved 1048576K
}
Event: 14.782 GC heap after
{Heap after GC invocations=16 (full 0):
 garbage-first heap   total 128000K, used 69855K [0x0000000080000000, 0x0000000100000000)
  region size 1024K, 2 young (2048K), 2 survivors (2048K)
 Metaspace       used 49868K, committed 51136K, reserved 1114112K
  class space    used 6720K, committed 7360K, reserved 1048576K
}
Event: 17.096 GC heap before
{Heap before GC invocations=17 (full 0):
 garbage-first heap   total 128000K, used 117983K [0x0000000080000000, 0x0000000100000000)
  region size 1024K, 45 young (46080K), 2 survivors (2048K)
 Metaspace       used 55960K, committed 57472K, reserved 1114112K
  class space    used 7594K, committed 8320K, reserved 1048576K
}
Event: 17.099 GC heap after
{Heap after GC invocations=18 (full 0):
 garbage-first heap   total 128000K, used 71337K [0x0000000080000000, 0x0000000100000000)
  region size 1024K, 3 young (3072K), 3 survivors (3072K)
 Metaspace       used 55960K, committed 57472K, reserved 1114112K
  class space    used 7594K, committed 8320K, reserved 1048576K
}
Event: 19.659 GC heap before
{Heap before GC invocations=18 (full 0):
 garbage-first heap   total 128000K, used 126633K [0x0000000080000000, 0x0000000100000000)
  region size 1024K, 40 young (40960K), 3 survivors (3072K)
 Metaspace       used 59064K, committed 60672K, reserved 1114112K
  class space    used 7880K, committed 8640K, reserved 1048576K
}
Event: 19.667 GC heap after
{Heap after GC invocations=19 (full 0):
 garbage-first heap   total 138240K, used 92843K [0x0000000080000000, 0x0000000100000000)
  region size 1024K, 6 young (6144K), 6 survivors (6144K)
 Metaspace       used 59064K, committed 60672K, reserved 1114112K
  class space    used 7880K, committed 8640K, reserved 1048576K
}
Event: 20.119 GC heap before
{Heap before GC invocations=19 (full 0):
 garbage-first heap   total 138240K, used 123563K [0x0000000080000000, 0x0000000100000000)
  region size 1024K, 36 young (36864K), 6 survivors (6144K)
 Metaspace       used 59959K, committed 61568K, reserved 1114112K
  class space    used 8031K, committed 8832K, reserved 1048576K
}
Event: 20.124 GC heap after
{Heap after GC invocations=20 (full 0):
 garbage-first heap   total 138240K, used 94021K [0x0000000080000000, 0x0000000100000000)
  region size 1024K, 1 young (1024K), 1 survivors (1024K)
 Metaspace       used 59959K, committed 61568K, reserved 1114112K
  class space    used 8031K, committed 8832K, reserved 1048576K
}
Event: 21.174 GC heap before
{Heap before GC invocations=21 (full 0):
 garbage-first heap   total 157696K, used 127813K [0x0000000080000000, 0x0000000100000000)
  region size 1024K, 34 young (34816K), 1 survivors (1024K)
 Metaspace       used 64326K, committed 65984K, reserved 1114112K
  class space    used 8646K, committed 9472K, reserved 1048576K
}
Event: 21.179 GC heap after
{Heap after GC invocations=22 (full 0):
 garbage-first heap   total 157696K, used 95139K [0x0000000080000000, 0x0000000100000000)
  region size 1024K, 3 young (3072K), 3 survivors (3072K)
 Metaspace       used 64326K, committed 65984K, reserved 1114112K
  class space    used 8646K, committed 9472K, reserved 1048576K
}
Event: 22.354 GC heap before
{Heap before GC invocations=22 (full 0):
 garbage-first heap   total 157696K, used 144291K [0x0000000080000000, 0x0000000100000000)
  region size 1024K, 51 young (52224K), 3 survivors (3072K)
 Metaspace       used 70124K, committed 71872K, reserved 1114112K
  class space    used 9550K, committed 10432K, reserved 1048576K
}
Event: 22.359 GC heap after
{Heap after GC invocations=23 (full 0):
 garbage-first heap   total 157696K, used 97562K [0x0000000080000000, 0x0000000100000000)
  region size 1024K, 5 young (5120K), 5 survivors (5120K)
 Metaspace       used 70124K, committed 71872K, reserved 1114112K
  class space    used 9550K, committed 10432K, reserved 1048576K
}

Dll operation events (3 events):
Event: 0.018 Loaded shared library C:\Program Files\Android\Android Studio1\jbr\bin\java.dll
Event: 0.028 Loaded shared library C:\Program Files\Android\Android Studio1\jbr\bin\zip.dll
Event: 1.317 Loaded shared library C:\Program Files\Android\Android Studio1\jbr\bin\verify.dll

Deoptimization events (20 events):
Event: 22.284 Thread 0x0000029f9cd95da0 DEOPT PACKING pc=0x0000029f8ad2fd20 sp=0x000000a9c83f8510
Event: 22.284 Thread 0x0000029f9cd95da0 DEOPT UNPACKING pc=0x0000029f8a6146a2 sp=0x000000a9c83f82e8 mode 2
Event: 22.288 Thread 0x0000029f9cd95da0 Uncommon trap: trap_request=0xffffffde fr.pc=0x0000029f8ad2fd20 relative=0x00000000000060c0
Event: 22.288 Thread 0x0000029f9cd95da0 Uncommon trap: reason=class_check action=maybe_recompile pc=0x0000029f8ad2fd20 method=java.net.URLClassLoader.defineClass(Ljava/lang/String;Ljdk/internal/loader/Resource;)Ljava/lang/Class; @ 34 c2
Event: 22.288 Thread 0x0000029f9cd95da0 DEOPT PACKING pc=0x0000029f8ad2fd20 sp=0x000000a9c83f73c0
Event: 22.288 Thread 0x0000029f9cd95da0 DEOPT UNPACKING pc=0x0000029f8a6146a2 sp=0x000000a9c83f7198 mode 2
Event: 22.291 Thread 0x0000029f9cd95da0 Uncommon trap: trap_request=0xffffffde fr.pc=0x0000029f8ad2fd20 relative=0x00000000000060c0
Event: 22.291 Thread 0x0000029f9cd95da0 Uncommon trap: reason=class_check action=maybe_recompile pc=0x0000029f8ad2fd20 method=java.net.URLClassLoader.defineClass(Ljava/lang/String;Ljdk/internal/loader/Resource;)Ljava/lang/Class; @ 34 c2
Event: 22.291 Thread 0x0000029f9cd95da0 DEOPT PACKING pc=0x0000029f8ad2fd20 sp=0x000000a9c83f73c0
Event: 22.291 Thread 0x0000029f9cd95da0 DEOPT UNPACKING pc=0x0000029f8a6146a2 sp=0x000000a9c83f7198 mode 2
Event: 22.293 Thread 0x0000029f9cd95da0 Uncommon trap: trap_request=0xffffffde fr.pc=0x0000029f8ad2fd20 relative=0x00000000000060c0
Event: 22.293 Thread 0x0000029f9cd95da0 Uncommon trap: reason=class_check action=maybe_recompile pc=0x0000029f8ad2fd20 method=java.net.URLClassLoader.defineClass(Ljava/lang/String;Ljdk/internal/loader/Resource;)Ljava/lang/Class; @ 34 c2
Event: 22.293 Thread 0x0000029f9cd95da0 DEOPT PACKING pc=0x0000029f8ad2fd20 sp=0x000000a9c83f73c0
Event: 22.293 Thread 0x0000029f9cd95da0 DEOPT UNPACKING pc=0x0000029f8a6146a2 sp=0x000000a9c83f7198 mode 2
Event: 22.353 Thread 0x0000029f9cd95da0 DEOPT PACKING pc=0x0000029f833c7ed7 sp=0x000000a9c83f7230
Event: 22.353 Thread 0x0000029f9cd95da0 DEOPT UNPACKING pc=0x0000029f8a614e42 sp=0x000000a9c83f66b8 mode 0
Event: 22.378 Thread 0x0000029f9cd95da0 Uncommon trap: trap_request=0xffffff45 fr.pc=0x0000029f8abf8a84 relative=0x0000000000000364
Event: 22.378 Thread 0x0000029f9cd95da0 Uncommon trap: reason=unstable_if action=reinterpret pc=0x0000029f8abf8a84 method=org.gradle.internal.reflect.PropertyAccessorType.isGetGetterName(Ljava/lang/String;)Z @ 14 c2
Event: 22.378 Thread 0x0000029f9cd95da0 DEOPT PACKING pc=0x0000029f8abf8a84 sp=0x000000a9c83f7c70
Event: 22.378 Thread 0x0000029f9cd95da0 DEOPT UNPACKING pc=0x0000029f8a6146a2 sp=0x000000a9c83f7bc8 mode 2

Classes loaded (20 events):
Event: 22.025 Loading class java/util/IdentityHashMap$EntrySet
Event: 22.026 Loading class java/util/IdentityHashMap$EntrySet done
Event: 22.026 Loading class java/util/IdentityHashMap$EntryIterator
Event: 22.026 Loading class java/util/IdentityHashMap$IdentityHashMapIterator
Event: 22.026 Loading class java/util/IdentityHashMap$IdentityHashMapIterator done
Event: 22.026 Loading class java/util/IdentityHashMap$EntryIterator done
Event: 22.026 Loading class java/util/IdentityHashMap$EntryIterator$Entry
Event: 22.027 Loading class java/util/IdentityHashMap$EntryIterator$Entry done
Event: 22.109 Loading class java/lang/invoke/SerializedLambda$1
Event: 22.109 Loading class java/lang/invoke/SerializedLambda$1 done
Event: 22.143 Loading class org/xml/sax/Locator
Event: 22.144 Loading class org/xml/sax/Locator done
Event: 22.144 Loading class org/xml/sax/SAXParseException
Event: 22.144 Loading class org/xml/sax/SAXParseException done
Event: 22.146 Loading class org/xml/sax/Attributes
Event: 22.147 Loading class org/xml/sax/Attributes done
Event: 22.266 Loading class java/util/DualPivotQuicksort
Event: 22.267 Loading class java/util/DualPivotQuicksort done
Event: 22.373 Loading class java/util/function/LongUnaryOperator
Event: 22.373 Loading class java/util/function/LongUnaryOperator done

Classes unloaded (0 events):
No events

Classes redefined (0 events):
No events

Internal exceptions (20 events):
Event: 22.017 Thread 0x0000029f9cd95da0 Exception <a 'java/lang/NoSuchMethodError'{0x0000000086a830f0}: 'int java.lang.invoke.Invokers$Holder.invokeExact_MT(java.lang.Object, java.lang.Object, java.lang.Object)'> (0x0000000086a830f0) 
thrown [s\src\hotspot\share\interpreter\linkResolver.cpp, line 784]
Event: 22.020 Thread 0x0000029f9cd95da0 Exception <a 'java/lang/NoSuchMethodError'{0x0000000086a93350}: 'long java.lang.invoke.DelegatingMethodHandle$Holder.reinvoke_L(java.lang.Object, java.lang.Object)'> (0x0000000086a93350) 
thrown [s\src\hotspot\share\interpreter\linkResolver.cpp, line 784]
Event: 22.021 Thread 0x0000029f9cd95da0 Exception <a 'java/lang/NoSuchMethodError'{0x0000000086a9dc78}: 'void java.lang.invoke.DelegatingMethodHandle$Holder.reinvoke_L(java.lang.Object, java.lang.Object, long)'> (0x0000000086a9dc78) 
thrown [s\src\hotspot\share\interpreter\linkResolver.cpp, line 784]
Event: 22.021 Thread 0x0000029f9cd95da0 Exception <a 'java/lang/NoSuchMethodError'{0x0000000086aa54a8}: 'long java.lang.invoke.Invokers$Holder.invokeExact_MT(java.lang.Object, java.lang.Object, java.lang.Object)'> (0x0000000086aa54a8) 
thrown [s\src\hotspot\share\interpreter\linkResolver.cpp, line 784]
Event: 22.089 Thread 0x0000029f9cd95da0 Exception <a 'java/lang/NoSuchMethodError'{0x00000000867356e8}: 'void java.lang.invoke.Invokers$Holder.invokeExact_MT(java.lang.Object, java.lang.Object, java.lang.Object, java.lang.Object)'> (0x00000000867356e8) 
thrown [s\src\hotspot\share\interpreter\linkResolver.cpp, line 784]
Event: 22.098 Thread 0x0000029f9cd95da0 Exception <a 'java/lang/ClassNotFoundException'{0x00000000867a7640}: org/gradle/internal/serialize/codecs/core/ClosureCodec$BrokenScriptBeanInfo> (0x00000000867a7640) 
thrown [s\src\hotspot\share\classfile\systemDictionary.cpp, line 312]
Event: 22.099 Thread 0x0000029f9cd95da0 Exception <a 'java/lang/ClassNotFoundException'{0x00000000867b60d8}: org/gradle/internal/serialize/codecs/core/ClosureCodec$BrokenScriptCustomizer> (0x00000000867b60d8) 
thrown [s\src\hotspot\share\classfile\systemDictionary.cpp, line 312]
Event: 22.102 Thread 0x0000029f9cd95da0 Exception <a 'java/lang/ClassNotFoundException'{0x00000000867d03f0}: org/gradle/api/invocation/GradleBeanInfo> (0x00000000867d03f0) 
thrown [s\src\hotspot\share\classfile\systemDictionary.cpp, line 312]
Event: 22.102 Thread 0x0000029f9cd95da0 Exception <a 'java/lang/ClassNotFoundException'{0x00000000867dc080}: org/gradle/api/invocation/GradleCustomizer> (0x00000000867dc080) 
thrown [s\src\hotspot\share\classfile\systemDictionary.cpp, line 312]
Event: 22.106 Thread 0x0000029f9cd95da0 Exception <a 'java/lang/NoSuchMethodError'{0x00000000867fe3e0}: 'void java.lang.invoke.Invokers$Holder.invokeExact_MT(java.lang.Object, java.lang.Object, int, java.lang.Object)'> (0x00000000867fe3e0) 
thrown [s\src\hotspot\share\interpreter\linkResolver.cpp, line 784]
Event: 22.112 Thread 0x0000029f9cd95da0 Exception <a 'java/lang/NoSuchMethodError'{0x0000000086620618}: 'void java.lang.invoke.Invokers$Holder.invokeExact_MT(java.lang.Object, java.lang.Object, long, java.lang.Object)'> (0x0000000086620618) 
thrown [s\src\hotspot\share\interpreter\linkResolver.cpp, line 784]
Event: 22.133 Thread 0x0000029f9cd95da0 Exception <a 'java/lang/ClassNotFoundException'{0x000000008654fa70}: org/gradle/api/internal/project/DefaultProject_DecoratedBeanInfo> (0x000000008654fa70) 
thrown [s\src\hotspot\share\classfile\systemDictionary.cpp, line 312]
Event: 22.133 Thread 0x0000029f9cd95da0 Exception <a 'java/lang/ClassNotFoundException'{0x000000008655b8d0}: org/gradle/api/internal/project/DefaultProjectBeanInfo> (0x000000008655b8d0) 
thrown [s\src\hotspot\share\classfile\systemDictionary.cpp, line 312]
Event: 22.134 Thread 0x0000029f9cd95da0 Exception <a 'java/lang/ClassNotFoundException'{0x00000000865677a8}: org/gradle/api/internal/project/DefaultProjectCustomizer> (0x00000000865677a8) 
thrown [s\src\hotspot\share\classfile\systemDictionary.cpp, line 312]
Event: 22.140 Thread 0x0000029f9cd95da0 Exception <a 'java/lang/ClassNotFoundException'{0x00000000864299b8}: org/gradle/api/internal/project/DefaultProject_DecoratedCustomizer> (0x00000000864299b8) 
thrown [s\src\hotspot\share\classfile\systemDictionary.cpp, line 312]
Event: 22.278 Thread 0x0000029f9cd95da0 Exception <a 'java/lang/NoSuchMethodError'{0x0000000085fd9928}: 'java.lang.Object java.lang.invoke.DirectMethodHandle$Holder.invokeInterface(java.lang.Object, java.lang.Object, int)'> (0x0000000085fd9928) 
thrown [s\src\hotspot\share\interpreter\linkResolver.cpp, line 784]
Event: 22.373 Thread 0x0000029f9cd95da0 Exception <a 'java/lang/NoSuchMethodError'{0x00000000ff8c0e08}: 'long java.lang.invoke.DirectMethodHandle$Holder.invokeStatic(java.lang.Object, long)'> (0x00000000ff8c0e08) 
thrown [s\src\hotspot\share\interpreter\linkResolver.cpp, line 784]
Event: 22.469 Thread 0x0000029f9cd95da0 Exception <a 'java/lang/NoSuchMethodError'{0x0000000088bce598}: 'java.lang.Object java.lang.invoke.DirectMethodHandle$Holder.invokeVirtual(java.lang.Object, java.lang.Object, java.lang.Object, java.lang.Object, java.lang.Object, java.lang.Object, java.lang.Object, java.lang.Object, java.lang.Object, java.lang.Object, java.lang.Object, java.lang.Object, java.lang.Object, java.lang.Object, java.lang.Object, java.lang.Object, java.lang.Object)'> (0x0000000088bce598) 
thrown [s\src\hotspot\share\interpreter\li
Event: 22.470 Thread 0x0000029f9cd95da0 Exception <a 'java/lang/NoSuchMethodError'{0x0000000088bd4850}: 'java.lang.Object java.lang.invoke.DirectMethodHandle$Holder.invokeSpecial(java.lang.Object, java.lang.Object, java.lang.Object, java.lang.Object, java.lang.Object, java.lang.Object, java.lang.Object, java.lang.Object, java.lang.Object, java.lang.Object, java.lang.Object, java.lang.Object, java.lang.Object, java.lang.Object, java.lang.Object, java.lang.Object, java.lang.Object, java.lang.Object)'> (0x0000000088bd4850) 
thrown [s\src\hotspot\sh
Event: 22.470 Thread 0x0000029f9cd95da0 Exception <a 'java/lang/NoSuchMethodError'{0x0000000088bda058}: 'java.lang.Object java.lang.invoke.DelegatingMethodHandle$Holder.reinvoke_L(java.lang.Object, java.lang.Object, java.lang.Object, java.lang.Object, java.lang.Object, java.lang.Object, java.lang.Object, java.lang.Object, java.lang.Object, java.lang.Object, java.lang.Object, java.lang.Object, java.lang.Object, java.lang.Object, java.lang.Object, java.lang.Object, java.lang.Object)'> (0x0000000088bda058) 
thrown [s\src\hotspot\share\interpreter\l

ZGC Phase Switch (0 events):
No events

VM Operations (20 events):
Event: 20.119 Executing VM operation: G1CollectForAllocation (G1 Evacuation Pause)
Event: 20.124 Executing VM operation: G1CollectForAllocation (G1 Evacuation Pause) done
Event: 20.151 Executing VM operation: G1PauseRemark
Event: 20.155 Executing VM operation: G1PauseRemark done
Event: 20.170 Executing VM operation: G1PauseCleanup
Event: 20.171 Executing VM operation: G1PauseCleanup done
Event: 21.174 Executing VM operation: G1CollectForAllocation (G1 Evacuation Pause)
Event: 21.179 Executing VM operation: G1CollectForAllocation (G1 Evacuation Pause) done
Event: 21.537 Executing VM operation: HandshakeAllThreads (Deoptimize)
Event: 21.538 Executing VM operation: HandshakeAllThreads (Deoptimize) done
Event: 21.687 Executing VM operation: HandshakeAllThreads (Deoptimize)
Event: 21.687 Executing VM operation: HandshakeAllThreads (Deoptimize) done
Event: 21.746 Executing VM operation: ICBufferFull
Event: 21.746 Executing VM operation: ICBufferFull done
Event: 21.894 Executing VM operation: HandshakeAllThreads (Deoptimize)
Event: 21.895 Executing VM operation: HandshakeAllThreads (Deoptimize) done
Event: 22.057 Executing VM operation: HandshakeAllThreads (Deoptimize)
Event: 22.057 Executing VM operation: HandshakeAllThreads (Deoptimize) done
Event: 22.354 Executing VM operation: G1CollectForAllocation (G1 Evacuation Pause)
Event: 22.359 Executing VM operation: G1CollectForAllocation (G1 Evacuation Pause) done

Memory protections (0 events):
No events

Nmethod flushes (20 events):
Event: 20.154 Thread 0x0000029f976046d0 flushing  nmethod 0x0000029f8314c190
Event: 20.154 Thread 0x0000029f976046d0 flushing  nmethod 0x0000029f83189810
Event: 20.154 Thread 0x0000029f976046d0 flushing  nmethod 0x0000029f83269b90
Event: 20.154 Thread 0x0000029f976046d0 flushing  nmethod 0x0000029f83362f90
Event: 20.154 Thread 0x0000029f976046d0 flushing  nmethod 0x0000029f83369a90
Event: 20.154 Thread 0x0000029f976046d0 flushing  nmethod 0x0000029f8336a090
Event: 20.154 Thread 0x0000029f976046d0 flushing  nmethod 0x0000029f8350f110
Event: 20.154 Thread 0x0000029f976046d0 flushing  nmethod 0x0000029f83567510
Event: 20.154 Thread 0x0000029f976046d0 flushing  nmethod 0x0000029f836e2610
Event: 20.154 Thread 0x0000029f976046d0 flushing  nmethod 0x0000029f83768890
Event: 20.154 Thread 0x0000029f976046d0 flushing  nmethod 0x0000029f83769390
Event: 20.154 Thread 0x0000029f976046d0 flushing  nmethod 0x0000029f83769810
Event: 20.154 Thread 0x0000029f976046d0 flushing  nmethod 0x0000029f837a5a90
Event: 20.154 Thread 0x0000029f976046d0 flushing  nmethod 0x0000029f837a6910
Event: 20.154 Thread 0x0000029f976046d0 flushing  nmethod 0x0000029f837a7590
Event: 20.154 Thread 0x0000029f976046d0 flushing  nmethod 0x0000029f837a7f90
Event: 20.154 Thread 0x0000029f976046d0 flushing  nmethod 0x0000029f837a8310
Event: 20.154 Thread 0x0000029f976046d0 flushing  nmethod 0x0000029f837a9710
Event: 20.154 Thread 0x0000029f976046d0 flushing  nmethod 0x0000029f83816090
Event: 20.154 Thread 0x0000029f976046d0 flushing  nmethod 0x0000029f83816590

Events (20 events):
Event: 17.101 Thread 0x0000029f9cd95da0 Thread added: 0x0000029f9f0e2b40
Event: 17.203 Thread 0x0000029f9cd95da0 Thread added: 0x0000029f9f0e6650
Event: 17.205 Thread 0x0000029f9cd95da0 Thread added: 0x0000029f9f0e5930
Event: 17.821 Thread 0x0000029f9cd95da0 Thread added: 0x0000029f9f0e03e0
Event: 17.827 Thread 0x0000029f9cd95da0 Thread added: 0x0000029f9f0e0a70
Event: 17.830 Thread 0x0000029f9cd95da0 Thread added: 0x0000029f9f0e1e20
Event: 17.832 Thread 0x0000029f9cd95da0 Thread added: 0x0000029f9fe1bae0
Event: 17.840 Thread 0x0000029f9cd95da0 Thread added: 0x0000029f9fe1a0a0
Event: 17.849 Thread 0x0000029f9cd95da0 Thread added: 0x0000029f9fe1adc0
Event: 17.851 Thread 0x0000029f9cd95da0 Thread added: 0x0000029f9fe19a10
Event: 17.852 Thread 0x0000029f9cd95da0 Thread added: 0x0000029f9fe18660
Event: 17.924 Thread 0x0000029f9cd95da0 Thread added: 0x0000029f9fe1a730
Event: 17.925 Thread 0x0000029f9cd95da0 Thread added: 0x0000029f9fe1d520
Event: 17.927 Thread 0x0000029f9cd95da0 Thread added: 0x0000029f9fe1dbb0
Event: 17.928 Thread 0x0000029f9cd95da0 Thread added: 0x0000029f9fe17fd0
Event: 17.930 Thread 0x0000029f9cd95da0 Thread added: 0x0000029f9fe1c800
Event: 17.930 Thread 0x0000029f9cd95da0 Thread added: 0x0000029f9fe17940
Event: 17.931 Thread 0x0000029f9cd95da0 Thread added: 0x0000029f9fe18cf0
Event: 17.931 Thread 0x0000029f9cd95da0 Thread added: 0x0000029f9fe1b450
Event: 17.932 Thread 0x0000029f9cd95da0 Thread added: 0x0000029f9fe19380


Dynamic libraries:
0x00007ff71d1e0000 - 0x00007ff71d1ea000 	C:\Program Files\Android\Android Studio1\jbr\bin\java.exe
0x00007ffb46eb0000 - 0x00007ffb470c7000 	C:\WINDOWS\SYSTEM32\ntdll.dll
0x00007ffb45cf0000 - 0x00007ffb45db4000 	C:\WINDOWS\System32\KERNEL32.DLL
0x00007ffb44110000 - 0x00007ffb444e3000 	C:\WINDOWS\System32\KERNELBASE.dll
0x00007ffb44550000 - 0x00007ffb44661000 	C:\WINDOWS\System32\ucrtbase.dll
0x00007ffb3da20000 - 0x00007ffb3da3b000 	C:\Program Files\Android\Android Studio1\jbr\bin\VCRUNTIME140.dll
0x00007ffb2ec90000 - 0x00007ffb2eca8000 	C:\Program Files\Android\Android Studio1\jbr\bin\jli.dll
0x00007ffb46b80000 - 0x00007ffb46d31000 	C:\WINDOWS\System32\USER32.dll
0x00007ffb44520000 - 0x00007ffb44546000 	C:\WINDOWS\System32\win32u.dll
0x00007ffb46b30000 - 0x00007ffb46b59000 	C:\WINDOWS\System32\GDI32.dll
0x00007ffb44670000 - 0x00007ffb44792000 	C:\WINDOWS\System32\gdi32full.dll
0x00007ffb44860000 - 0x00007ffb448fa000 	C:\WINDOWS\System32\msvcp_win.dll
0x00007ffb37560000 - 0x00007ffb377fb000 	C:\WINDOWS\WinSxS\amd64_microsoft.windows.common-controls_6595b64144ccf1df_6.0.22621.5262_none_2712bde373830908\COMCTL32.dll
0x00007ffb46970000 - 0x00007ffb46a17000 	C:\WINDOWS\System32\msvcrt.dll
0x00007ffb458c0000 - 0x00007ffb458f1000 	C:\WINDOWS\System32\IMM32.DLL
0x00007ffb3ffd0000 - 0x00007ffb3ffdc000 	C:\Program Files\Android\Android Studio1\jbr\bin\vcruntime140_1.dll
0x00007ffb17940000 - 0x00007ffb179cd000 	C:\Program Files\Android\Android Studio1\jbr\bin\msvcp140.dll
0x00007ffa80ec0000 - 0x00007ffa81b4b000 	C:\Program Files\Android\Android Studio1\jbr\bin\server\jvm.dll
0x00007ffb45960000 - 0x00007ffb45a11000 	C:\WINDOWS\System32\ADVAPI32.dll
0x00007ffb46660000 - 0x00007ffb46707000 	C:\WINDOWS\System32\sechost.dll
0x00007ffb444f0000 - 0x00007ffb44518000 	C:\WINDOWS\System32\bcrypt.dll
0x00007ffb45730000 - 0x00007ffb45844000 	C:\WINDOWS\System32\RPCRT4.dll
0x00007ffb46730000 - 0x00007ffb467a1000 	C:\WINDOWS\System32\WS2_32.dll
0x00007ffb43e70000 - 0x00007ffb43ebd000 	C:\WINDOWS\SYSTEM32\POWRPROF.dll
0x00007ffb3b8b0000 - 0x00007ffb3b8ba000 	C:\WINDOWS\SYSTEM32\VERSION.dll
0x00007ffb41950000 - 0x00007ffb41984000 	C:\WINDOWS\SYSTEM32\WINMM.dll
0x00007ffb43e50000 - 0x00007ffb43e63000 	C:\WINDOWS\SYSTEM32\UMPDC.dll
0x00007ffb42fa0000 - 0x00007ffb42fb8000 	C:\WINDOWS\SYSTEM32\kernel.appcore.dll
0x00007ffb3fef0000 - 0x00007ffb3fefa000 	C:\Program Files\Android\Android Studio1\jbr\bin\jimage.dll
0x00007ffb41680000 - 0x00007ffb418b2000 	C:\WINDOWS\SYSTEM32\DBGHELP.DLL
0x00007ffb45200000 - 0x00007ffb45593000 	C:\WINDOWS\System32\combase.dll
0x00007ffb45650000 - 0x00007ffb45727000 	C:\WINDOWS\System32\OLEAUT32.dll
0x00007ffb41910000 - 0x00007ffb41942000 	C:\WINDOWS\SYSTEM32\dbgcore.DLL
0x00007ffb44a40000 - 0x00007ffb44abb000 	C:\WINDOWS\System32\bcryptPrimitives.dll
0x00007ffb33660000 - 0x00007ffb3366e000 	C:\Program Files\Android\Android Studio1\jbr\bin\instrument.dll
0x00007ffb3d9e0000 - 0x00007ffb3da00000 	C:\Program Files\Android\Android Studio1\jbr\bin\java.dll
0x00007ffb3b8e0000 - 0x00007ffb3b8f8000 	C:\Program Files\Android\Android Studio1\jbr\bin\zip.dll
0x00007ffb45dc0000 - 0x00007ffb4665d000 	C:\WINDOWS\System32\SHELL32.dll
0x00007ffb44900000 - 0x00007ffb44a3f000 	C:\WINDOWS\System32\wintypes.dll
0x00007ffb41e90000 - 0x00007ffb427ad000 	C:\WINDOWS\SYSTEM32\windows.storage.dll
0x00007ffb46a20000 - 0x00007ffb46b2b000 	C:\WINDOWS\System32\SHCORE.dll
0x00007ffb45a20000 - 0x00007ffb45a86000 	C:\WINDOWS\System32\shlwapi.dll
0x00007ffb43ed0000 - 0x00007ffb43efb000 	C:\WINDOWS\SYSTEM32\profapi.dll
0x00007ffb3ed70000 - 0x00007ffb3ed80000 	C:\Program Files\Android\Android Studio1\jbr\bin\net.dll
0x00007ffb40450000 - 0x00007ffb4057c000 	C:\WINDOWS\SYSTEM32\WINHTTP.dll
0x00007ffb43420000 - 0x00007ffb4348a000 	C:\WINDOWS\system32\mswsock.dll
0x00007ffb38020000 - 0x00007ffb38036000 	C:\Program Files\Android\Android Studio1\jbr\bin\nio.dll
0x00007ffb2ed00000 - 0x00007ffb2ed10000 	C:\Program Files\Android\Android Studio1\jbr\bin\verify.dll
0x00007ffb1c5e0000 - 0x00007ffb1c607000 	C:\Users\danie\.gradle\native\c067742578af261105cb4f569cf0c3c89f3d7b1fecec35dd04571415982c5e48\windows-amd64\native-platform.dll
0x00007ffaee760000 - 0x00007ffaee8a4000 	C:\Users\danie\.gradle\native\100fb08df4bc3b14c8652ba06237920a3bd2aa13389f12d3474272988ae205f9\windows-amd64\native-platform-file-events.dll
0x00007ffb33960000 - 0x00007ffb33969000 	C:\Program Files\Android\Android Studio1\jbr\bin\management.dll
0x00007ffb33890000 - 0x00007ffb3389b000 	C:\Program Files\Android\Android Studio1\jbr\bin\management_ext.dll
0x00007ffb46e60000 - 0x00007ffb46e68000 	C:\WINDOWS\System32\PSAPI.DLL
0x00007ffb43640000 - 0x00007ffb4365b000 	C:\WINDOWS\SYSTEM32\CRYPTSP.dll
0x00007ffb42f00000 - 0x00007ffb42f37000 	C:\WINDOWS\system32\rsaenh.dll
0x00007ffb434e0000 - 0x00007ffb43508000 	C:\WINDOWS\SYSTEM32\USERENV.dll
0x00007ffb43660000 - 0x00007ffb4366c000 	C:\WINDOWS\SYSTEM32\CRYPTBASE.dll
0x00007ffb42a10000 - 0x00007ffb42a3d000 	C:\WINDOWS\SYSTEM32\IPHLPAPI.DLL
0x00007ffb467b0000 - 0x00007ffb467b9000 	C:\WINDOWS\System32\NSI.dll
0x00007ffb33b90000 - 0x00007ffb33b99000 	C:\Program Files\Android\Android Studio1\jbr\bin\extnet.dll
0x00007ffb3c420000 - 0x00007ffb3c428000 	C:\WINDOWS\system32\wshunix.dll

dbghelp: loaded successfully - version: 4.0.5 - missing functions: none
symbol engine: initialized successfully - sym options: 0x614 - pdb path: .;C:\Program Files\Android\Android Studio1\jbr\bin;C:\WINDOWS\SYSTEM32;C:\WINDOWS\WinSxS\amd64_microsoft.windows.common-controls_6595b64144ccf1df_6.0.22621.5262_none_2712bde373830908;C:\Program Files\Android\Android Studio1\jbr\bin\server;C:\Users\danie\.gradle\native\c067742578af261105cb4f569cf0c3c89f3d7b1fecec35dd04571415982c5e48\windows-amd64;C:\Users\danie\.gradle\native\100fb08df4bc3b14c8652ba06237920a3bd2aa13389f12d3474272988ae205f9\windows-amd64

VM Arguments:
jvm_args: --add-opens=java.base/java.lang=ALL-UNNAMED --add-opens=java.base/java.lang.invoke=ALL-UNNAMED --add-opens=java.base/java.util=ALL-UNNAMED --add-opens=java.prefs/java.util.prefs=ALL-UNNAMED --add-exports=jdk.compiler/com.sun.tools.javac.api=ALL-UNNAMED --add-exports=jdk.compiler/com.sun.tools.javac.util=ALL-UNNAMED --add-opens=java.base/java.util=ALL-UNNAMED --add-opens=java.prefs/java.util.prefs=ALL-UNNAMED --add-opens=java.base/java.nio.charset=ALL-UNNAMED --add-opens=java.base/java.net=ALL-UNNAMED --add-opens=java.base/java.util.concurrent.atomic=ALL-UNNAMED --add-opens=java.xml/javax.xml.namespace=ALL-UNNAMED -Xmx2048m -Dfile.encoding=UTF-8 -Duser.country=PT -Duser.language=pt -Duser.variant -javaagent:C:\Users\danie\.gradle\wrapper\dists\gradle-8.11.1-bin\bpt9gzteqjrbo1mjrsomdt32c\gradle-8.11.1\lib\agents\gradle-instrumentation-agent-8.11.1.jar 
java_command: org.gradle.launcher.daemon.bootstrap.GradleDaemon 8.11.1
java_class_path (initial): C:\Users\danie\.gradle\wrapper\dists\gradle-8.11.1-bin\bpt9gzteqjrbo1mjrsomdt32c\gradle-8.11.1\lib\gradle-daemon-main-8.11.1.jar
Launcher Type: SUN_STANDARD

[Global flags]
     intx CICompilerCount                          = 4                                         {product} {ergonomic}
     uint ConcGCThreads                            = 3                                         {product} {ergonomic}
     uint G1ConcRefinementThreads                  = 10                                        {product} {ergonomic}
   size_t G1HeapRegionSize                         = 1048576                                   {product} {ergonomic}
    uintx GCDrainStackTargetSize                   = 64                                        {product} {ergonomic}
   size_t InitialHeapSize                          = 98566144                                  {product} {ergonomic}
   size_t MarkStackSize                            = 4194304                                   {product} {ergonomic}
   size_t MaxHeapSize                              = 2147483648                                {product} {command line}
   size_t MaxNewSize                               = 1287651328                                {product} {ergonomic}
   size_t MinHeapDeltaBytes                        = 1048576                                   {product} {ergonomic}
   size_t MinHeapSize                              = 8388608                                   {product} {ergonomic}
    uintx NonNMethodCodeHeapSize                   = 5839372                                {pd product} {ergonomic}
    uintx NonProfiledCodeHeapSize                  = 122909434                              {pd product} {ergonomic}
    uintx ProfiledCodeHeapSize                     = 122909434                              {pd product} {ergonomic}
    uintx ReservedCodeCacheSize                    = 251658240                              {pd product} {ergonomic}
     bool SegmentedCodeCache                       = true                                      {product} {ergonomic}
   size_t SoftMaxHeapSize                          = 2147483648                             {manageable} {ergonomic}
     bool UseCompressedOops                        = true                           {product lp64_product} {ergonomic}
     bool UseG1GC                                  = true                                      {product} {ergonomic}
     bool UseLargePagesIndividualAllocation        = false                                  {pd product} {ergonomic}

Logging:
Log output configuration:
 #0: stdout all=warning uptime,level,tags foldmultilines=false
 #1: stderr all=off uptime,level,tags foldmultilines=false

Environment Variables:
JAVA_HOME=C:\Users\danie\AppData\Local\Programs\Eclipse Adoptium\jdk-17.0.8.101-hotspot\
PATH=C:\Program Files\Common Files\Oracle\Java\javapath;C:\Program Files (x86)\VMware\VMware Player\bin\;C:\WINDOWS\system32;C:\WINDOWS;C:\WINDOWS\System32\Wbem;C:\WINDOWS\System32\WindowsPowerShell\v1.0\;C:\WINDOWS\System32\OpenSSH\;C:\Program Files\Git\cmd;C:\Program Files (x86)\Microsoft SQL Server\160\Tools\Binn\;C:\Program Files\Microsoft SQL Server\160\Tools\Binn\;C:\Program Files\Microsoft SQL Server\Client SDK\ODBC\170\Tools\Binn\;C:\Program Files\Microsoft SQL Server\160\DTS\Binn\;C:\Program Files\Azure Data Studio\bin;C:\Program Files\nodejs\;C:\Program Files\dotnet\;C:\Program Files (x86)\BaseX\bin;C:\Program Files (x86)\Microsoft SQL Server\160\DTS\Binn\;C:\Program Files\MongoDB\Server\8.0\bin;;C:\Program Files (x86)\Gpg4win\..\GnuPG\bin;C:\Program Files (x86)\Windows Kits\10\Windows Performance Toolkit\;C:\Users\danie\AppData\Local\Programs\Python\Launcher\;C:\Users\danie\AppData\Local\Programs\Eclipse Adoptium\jdk-17.0.8.101-hotspot\bin;C:\Users\danie\AppData\Local\Microsoft\WindowsApps;C:\Users\danie\AppData\Local\Programs\Microsoft VS Code\bin;C:\Program Files\Azure Data Studio\bin;C:\Users\danie\AppData\Roaming\npm;C:\Users\danie\.dotnet\tools;C:\Users\danie\AppData\Local\GitHubDesktop\bin;C:\abd\mongo\;C:\php-8.3.12-Win32-vs16-x64;C:\Users\danie\AppData\Local\ComposerSetup\bin;C:\Users\danie\AppData\Roaming\Composer\vendor\bin;C:\Users\danie\AppData\Local\Microsoft\WinGet\Packages\Databricks.DatabricksCLI_Microsoft.Winget.Source_8wekyb3d8bbwe;C:\Users\danie\AppData\Local\Programs\cursor\resources\app\bin
USERNAME=danie
OS=Windows_NT
PROCESSOR_IDENTIFIER=AMD64 Family 25 Model 80 Stepping 0, AuthenticAMD
TMP=C:\Users\danie\AppData\Local\Temp
TEMP=C:\Users\danie\AppData\Local\Temp




Periodic native trim disabled

JNI global refs:
JNI global refs: 26, weak refs: 4

JNI global refs memory usage: 835, weak refs: 833

Process memory usage:
Resident Set Size: 295024K (4% of 6139964K total physical memory with 148004K free physical memory)

OOME stack traces (most recent first):
Classloader memory used:
Loader org.gradle.internal.classloader.VisitableURLClassLoader                         : 35759K
Loader bootstrap                                                                       : 23055K
Loader org.gradle.initialization.MixInLegacyTypesClassLoader                           : 9362K
Loader org.gradle.internal.classloader.VisitableURLClassLoader                         : 947K
Loader org.gradle.internal.classloader.VisitableURLClassLoader$InstrumentingVisitableURLClassLoader: 724K
Loader jdk.internal.loader.ClassLoaders$PlatformClassLoader                            : 538K
Loader jdk.internal.loader.ClassLoaders$AppClassLoader                                 : 234K
Loader jdk.internal.reflect.DelegatingClassLoader                                      : 210K
Loader org.gradle.groovy.scripts.internal.DefaultScriptCompilationHandler$ScriptClassLoader: 90792B
Loader org.codehaus.groovy.runtime.callsite.CallSiteClassLoader                        : 48680B

Classes loaded by more than one classloader:
Class org.gradle.api.GradleException                                                  : loaded 3 times (x 78B)
Class Program                                                                         : loaded 3 times (x 68B)
Class org.gradle.internal.classloader.ClassLoaderHierarchy                            : loaded 2 times (x 66B)
Class org.gradle.api.internal.classpath.ManifestUtil                                  : loaded 2 times (x 67B)
Class org.jetbrains.plugins.gradle.model.GradleExtensions                             : loaded 2 times (x 66B)
Class org.jetbrains.plugins.gradle.model.AnnotationProcessingModel                    : loaded 2 times (x 66B)
Class org.gradle.internal.operations.MultipleBuildOperationFailures                   : loaded 2 times (x 91B)
Class org.gradle.internal.classloader.DefaultClassLoaderFactory                       : loaded 2 times (x 78B)
Class kotlin.collections.AbstractList$Companion                                       : loaded 2 times (x 67B)
Class org.gradle.internal.classloader.ClassLoaderVisitor                              : loaded 2 times (x 72B)
Class org.gradle.api.internal.classpath.EffectiveClassPath                            : loaded 2 times (x 86B)
Class org.gradle.tooling.internal.gradle.DefaultProjectIdentifier                     : loaded 2 times (x 82B)
Class org.gradle.api.internal.DefaultClassPathProvider                                : loaded 2 times (x 72B)
Class [Lorg.gradle.api.internal.ClassPathProvider;                                    : loaded 2 times (x 65B)
Class org.gradle.api.internal.ClassPathProvider                                       : loaded 2 times (x 66B)
Class org.gradle.internal.service.UnknownServiceException                             : loaded 2 times (x 79B)
Class org.jetbrains.kotlin.idea.gradleTooling.KotlinDslScriptAdditionalTask           : loaded 2 times (x 66B)
Class org.gradle.internal.classpath.TransformedClassPath                              : loaded 2 times (x 92B)
Class org.gradle.internal.classloader.InstrumentingClassLoader                        : loaded 2 times (x 66B)
Class kotlin.enums.EnumEntriesList                                                    : loaded 2 times (x 219B)
Class org.gradle.internal.classloader.FilteringClassLoader                            : loaded 2 times (x 101B)
Class org.jetbrains.plugins.gradle.model.IntelliJSettings                             : loaded 2 times (x 66B)
Class org.gradle.internal.service.ServiceLocator                                      : loaded 2 times (x 66B)
Class org.gradle.tooling.model.UnsupportedMethodException                             : loaded 2 times (x 78B)
Class com.intellij.compose.ide.plugin.gradleTooling.rt.ComposeResourcesModel          : loaded 2 times (x 66B)
Class sync_studio_tooling2_41r9n87yd7qe7nofh41jmgiam                                  : loaded 2 times (x 175B)
Class org.gradle.internal.InternalTransformer                                         : loaded 2 times (x 66B)
Class org.gradle.internal.time.DefaultTimer                                           : loaded 2 times (x 76B)
Class org.gradle.internal.classloader.ClasspathUtil$1                                 : loaded 2 times (x 72B)
Class org.gradle.api.internal.classpath.DefaultModuleRegistry$DefaultModule           : loaded 2 times (x 82B)
Class org.gradle.internal.time.DefaultCountdownTimer                                  : loaded 2 times (x 84B)
Class org.gradle.tooling.internal.gradle.DefaultBuildIdentifier                       : loaded 2 times (x 75B)
Class kotlin.Function                                                                 : loaded 2 times (x 66B)
Class org.gradle.api.internal.classpath.Module                                        : loaded 2 times (x 66B)
Class org.gradle.api.internal.classpath.UnknownModuleException                        : loaded 2 times (x 78B)
Class com.intellij.openapi.externalSystem.model.project.dependencies.ProjectDependencies: loaded 2 times (x 66B)
Class org.gradle.tooling.internal.gradle.GradleProjectIdentity                        : loaded 2 times (x 66B)
Class org.gradle.api.internal.DefaultClassPathRegistry                                : loaded 2 times (x 72B)
Class org.gradle.api.internal.ClassPathRegistry                                       : loaded 2 times (x 66B)
Class org.gradle.internal.classpath.DefaultClassPath$ImmutableUniqueList              : loaded 2 times (x 195B)
Class org.jetbrains.kotlin.idea.gradleTooling.KotlinSourceSetContainer                : loaded 2 times (x 66B)
Class Settings_gradle$1                                                               : loaded 2 times (x 70B)
Class org.gradle.internal.classpath.ClassPath                                         : loaded 2 times (x 66B)
Class org.gradle.api.UncheckedIOException                                             : loaded 2 times (x 78B)
Class org.jetbrains.kotlin.idea.gradleTooling.KotlinGradleModel                       : loaded 2 times (x 66B)
Class org.gradle.tooling.model.Model                                                  : loaded 2 times (x 66B)
Class kotlin.UninitializedPropertyAccessException                                     : loaded 2 times (x 78B)
Class org.jetbrains.plugins.gradle.model.IntelliJProjectSettings                      : loaded 2 times (x 66B)
Class org.gradle.internal.installation.GradleInstallation$1                           : loaded 2 times (x 71B)
Class org.gradle.api.internal.classpath.ModuleRegistry                                : loaded 2 times (x 66B)
Class org.jetbrains.plugins.gradle.model.VersionCatalogsModel                         : loaded 2 times (x 66B)
Class org.gradle.api.internal.classpath.DefaultModuleRegistry                         : loaded 2 times (x 82B)
Class org.gradle.internal.time.MonotonicClock                                         : loaded 2 times (x 73B)
Class org.gradle.internal.service.ServiceLookupException                              : loaded 2 times (x 78B)
Class org.gradle.internal.classloader.ClassLoaderFactory                              : loaded 2 times (x 66B)
Class org.gradle.internal.service.CachingServiceLocator                               : loaded 2 times (x 78B)
Class org.jetbrains.plugins.gradle.model.RepositoryModels                             : loaded 2 times (x 66B)
Class org.gradle.internal.time.TimeSource                                             : loaded 2 times (x 66B)
Class ijInit1_1tx89vq529fs6jdtyr8t0wdno                                               : loaded 2 times (x 175B)
Class org.gradle.tooling.internal.gradle.GradleBuildIdentity                          : loaded 2 times (x 66B)
Class kotlin.enums.EnumEntries                                                        : loaded 2 times (x 66B)
Class org.gradle.internal.exceptions.ResolutionProvider                               : loaded 2 times (x 66B)
Class org.gradle.tooling.model.ProjectIdentifier                                      : loaded 2 times (x 66B)
Class org.gradle.internal.classloader.ClasspathUtil                                   : loaded 2 times (x 67B)
Class org.gradle.internal.time.TimeSource$1                                           : loaded 2 times (x 73B)
Class kotlin.jvm.internal.DefaultConstructorMarker                                    : loaded 2 times (x 67B)
Class org.gradle.api.specs.Spec                                                       : loaded 2 times (x 66B)
Class org.gradle.internal.time.Clock                                                  : loaded 2 times (x 66B)
Class kotlin.collections.AbstractList                                                 : loaded 2 times (x 193B)
Class kotlin.collections.AbstractCollection                                           : loaded 2 times (x 113B)
Class org.gradle.internal.classloader.VisitableURLClassLoader$InstrumentingVisitableURLClassLoader: loaded 2 times (x 119B)
Class org.gradle.internal.classloader.VisitableURLClassLoader$Spec                    : loaded 2 times (x 70B)
Class org.gradle.internal.classpath.DefaultClassPath                                  : loaded 2 times (x 86B)
Class org.gradle.internal.classloader.ClassLoaderSpec                                 : loaded 2 times (x 67B)
Class Settings_gradle$1$1                                                             : loaded 2 times (x 70B)
Class kotlin.Unit                                                                     : loaded 2 times (x 67B)
Class org.gradle.internal.classloader.VisitableURLClassLoader                         : loaded 2 times (x 113B)
Class Settings_gradle                                                                 : loaded 2 times (x 124B)
Class org.gradle.internal.Cast                                                        : loaded 2 times (x 67B)
Class org.gradle.api.Action                                                           : loaded 2 times (x 66B)
Class kotlin.jvm.functions.Function1                                                  : loaded 2 times (x 66B)
Class org.gradle.internal.classpath.DefaultClassPath$ImmutableUniqueList$Builder      : loaded 2 times (x 71B)
Class kotlin.NotImplementedError                                                      : loaded 2 times (x 78B)
Class org.gradle.internal.exceptions.NonGradleCauseExceptionsHolder                   : loaded 2 times (x 66B)
Class org.jetbrains.plugins.gradle.tooling.ModelBuilderService$Parameter              : loaded 2 times (x 66B)
Class kotlin.enums.EnumEntriesKt                                                      : loaded 2 times (x 67B)
Class org.gradle.internal.IoActions                                                   : loaded 2 times (x 67B)
Class org.gradle.internal.classloader.SystemClassLoaderSpec                           : loaded 2 times (x 67B)
Class org.gradle.internal.exceptions.MultiCauseException                              : loaded 2 times (x 66B)
Class org.gradle.internal.time.CountdownTimer                                         : loaded 2 times (x 66B)
Class kotlin.jvm.internal.Intrinsics                                                  : loaded 2 times (x 67B)
Class org.gradle.tooling.model.ProjectModel                                           : loaded 2 times (x 66B)
Class kotlin.KotlinNullPointerException                                               : loaded 2 times (x 79B)
Class org.jetbrains.plugins.gradle.model.tests.ExternalTestsModel                     : loaded 2 times (x 66B)
Class org.gradle.internal.exceptions.DefaultMultiCauseException                       : loaded 2 times (x 91B)
Class org.gradle.internal.time.Time                                                   : loaded 2 times (x 67B)
Class org.jetbrains.plugins.gradle.model.DependencyAccessorsModel                     : loaded 2 times (x 66B)
Class org.gradle.api.internal.classpath.GlobalCacheRootsProvider                      : loaded 2 times (x 66B)
Class org.jetbrains.kotlin.idea.gradleTooling.KotlinMPPGradleModel                    : loaded 2 times (x 66B)
Class org.gradle.tooling.model.BuildIdentifier                                        : loaded 2 times (x 66B)
Class org.jetbrains.kotlin.idea.gradleTooling.PrepareKotlinIdeImportTaskModel         : loaded 2 times (x 66B)
Class org.gradle.internal.time.Timer                                                  : loaded 2 times (x 66B)
Class kotlin.jvm.internal.markers.KMappedMarker                                       : loaded 2 times (x 66B)
Class org.gradle.internal.installation.CurrentGradleInstallationLocator               : loaded 2 times (x 67B)
Class org.gradle.internal.service.DefaultServiceLocator                               : loaded 2 times (x 79B)
Class org.gradle.util.GradleVersion                                                   : loaded 2 times (x 75B)
Class org.gradle.internal.installation.CurrentGradleInstallation                      : loaded 2 times (x 69B)
Class org.jetbrains.plugins.gradle.javaModel.JavaGradleManifestModel                  : loaded 2 times (x 66B)
Class org.gradle.util.internal.GUtil                                                  : loaded 2 times (x 67B)
Class org.gradle.internal.installation.GradleInstallation                             : loaded 2 times (x 71B)

---------------  S Y S T E M  ---------------

OS:
 Windows 11 , 64 bit Build 22621 (10.0.22621.5262)
OS uptime: 6 days 18:04 hours
Hyper-V role detected

CPU: total 12 (initial active 12) (12 cores per cpu, 2 threads per core) family 25 model 80 stepping 0 microcode 0x0, cx8, cmov, fxsr, ht, mmx, 3dnowpref, sse, sse2, sse3, ssse3, sse4a, sse4.1, sse4.2, popcnt, lzcnt, tsc, tscinvbit, avx, avx2, aes, erms, clmul, bmi1, bmi2, adx, sha, fma, vzeroupper, clflush, clflushopt, hv, rdtscp, rdpid, fsrm, f16c, cet_ss
Processor Information for the first 12 processors :
  Max Mhz: 2301, Current Mhz: 2301, Mhz Limit: 2301

Memory: 4k page, system-wide physical 5996M (134M free)
TotalPageFile size 24428M (AvailPageFile size 6M)
current process WorkingSet (physical memory assigned to process): 288M, peak: 289M
current process commit charge ("private bytes"): 398M, peak: 401M

vm_info: OpenJDK 64-Bit Server VM (21.0.6+-13391695-b895.109) for windows-amd64 JRE (21.0.6+-13391695-b895.109), built on 2025-04-22T21:19:17Z by "builder" with MS VC++ 16.10 / 16.11 (VS2019)

END.
